Unity Player [version: Unity 5.4.0p4_b15b5ae035b7]

ingame.exe caused an Access Violation (0xc0000005)
  in module ingame.exe at 0023:00eea1b6.

Error occurred at 2017-05-22_064154.
C:\Users\1\Desktop\Snakes_1millicircle\ingame.exe, run by 1.
71% memory in use.
4002 MB physical memory [1144 MB free].
0 MB paging file [1566 MB free].
0 MB user address space [3690 MB free].
Read from location 000005d4 caused an access violation.

Context:
EDI:    0x00000000  ESI: 0x0485e1f0  EAX:   0x007bd660
EBX:    0x000ef906  ECX: 0x00000000  EDX:   0x00000002
EIP:    0x00eea1b6  EBP: 0x007bd64c  SegCs: 0x00000023
EFlags: 0x00210287  ESP: 0x007bd648  SegSs: 0x0000002b

Bytes at CS:EIP:
83 bf d4 05 00 00 00 75 07 32 c0 5f 5d c2 04 00 

Stack:
0x007bd648: 01721f95 007bd67c 00ed29a9 007bd660 ..r.|.{..)..`.{.
0x007bd658: 00000003 0485e1f0 666e6f63 00006769 ........config..
0x007bd668: 76d7f90b 00000000 00000006 0000000f ...v............
0x007bd678: 00000000 007bd684 00ed1d37 007bd69c ......{.7.....{.
0x007bd688: 00ed1e26 00000002 00ed3b70 00000000 &.......p;......
0x007bd698: 018a85f0 007bd6b8 00ed3bcf 00000003 ......{..;......
0x007bd6a8: 7193fb99 7193fb99 000ef906 00000000 ...q...q........
0x007bd6b8: 007bd6ec 00ed0db5 0485e1f0 00000003 ..{.............
0x007bd6c8: 7193fb99 7193fb99 000ef906 00000000 ...q...q........
0x007bd6d8: 00000003 0485e198 00000000 018a85f0 ................
0x007bd6e8: 00000000 007bd754 00ed1984 00000003 ....T.{.........
0x007bd6f8: 7193fb99 7193fb99 000ef906 00000000 ...q...q........
0x007bd708: 018a88f4 00000000 018a88f4 00000000 ................
0x007bd718: 00000001 4a3eb5e6 04201fc0 0420be30 ......>J.. .0. .
0x007bd728: 007bd738 01515ff7 04201fc0 04239df0 8.{.._Q... ...#.
0x007bd738: 007bd75c 00d48883 047633e8 007bd758 \.{......3v.X.{.
0x007bd748: 00000000 2e3f26fe 00000000 007bd760 .....&?.....`.{.
0x007bd758: 00ed19a7 00000003 007bd77c 0090f161 ........|.{.a...
0x007bd768: 0485e198 00000000 00000000 04201fc0 .............. .
0x007bd778: 00000000 007bd79c 00af9ccf 00000000 ......{.........
0x007bd788: 00000006 00000000 fffffffe 007bd7cc ..............{.
0x007bd798: 00000086 007bd7cc 00b911d4 00000000 ......{.........
0x007bd7a8: 00000001 00000000 00200001 00b90fd0 .......... .....
0x007bd7b8: 00000000 0000001c 00000001 00000b70 ............p...
0x007bd7c8: 00000000 007bd7f8 76d9d2b3 002705b4 ......{....v..'.
0x007bd7d8: 00000006 00200001 00000000 00200001 ...... ....... .
0x007bd7e8: dcbaabcd 00b90fd0 00000000 00200001 .............. .
0x007bd7f8: 007bd8e0 76d7e88a 00b90fd0 002705b4 ..{....v......'.
0x007bd808: 00000006 00200001 00000000 daade638 ...... .....8...
0x007bd818: 00000000 00000000 00000006 00000080 ................
0x007bd828: 00000040 00000000 7523fdfa 113ce668 @.........#uh.<.
0x007bd838: 113ce66c 00000000 00000000 00000024 l.<.........$...
0x007bd848: 00000001 00000000 00000000 00000070 ............p...
0x007bd858: ffffffff ffffffff 00000024 00000001 ........$.......
0x007bd868: 00000000 00000000 00000030 ffffffff ........0.......
0x007bd878: ffffffff 76d7e71c 00000000 00000000 .......v........
0x007bd888: 00000000 00000000 00000000 00000000 ................
0x007bd898: 00b90fd0 00000000 024009f8 00000000 ..........@.....
0x007bd8a8: 80000011 00000000 00000000 80000011 ................
0x007bd8b8: 00000000 00000001 002705b4 daade638 ..........'.8...
0x007bd8c8: 76d7e4c0 007bcff8 007bd930 76da15b0 ...v..{.0.{....v
0x007bd8d8: ac377158 00000000 007bd940 76d7e4c0 Xq7.....@.{....v
0x007bd8e8: 00b90fd0 00000000 00000006 00200001 .............. .
0x007bd8f8: 00000000 01d3e000 00000001 daade798 ................
0x007bd908: 007bdaa4 77bb24b0 00000000 007bd978 ..{..$.w....x.{.
0x007bd918: 76da15b0 00000000 002705b4 00000000 ...v......'.....
0x007bd928: 007bd904 007bcff8 007bd990 76da15b0 ..{...{...{....v
0x007bd938: ac3771b8 fffffffe 007bd980 76d88b09 .q7.......{....v
0x007bd948: 02613670 00000000 00000006 00200001 p6a........... .
0x007bd958: 00000000 00b90fd0 00000400 00000001 ................
0x007bd968: 00000000 00000000 007bd984 00000000 ..........{.....
0x007bd978: 00000000 daade758 007bd9ec 77ba08c6 ....X.....{....w
0x007bd988: 007bd99c 00000020 007bda6c 77ba0810 ..{. ...l.{....w
0x007bd998: 007bd9c0 02613670 00000000 00000006 ..{.p6a.........
0x007bd9a8: 00200001 00000000 00b90fd0 77bb24b0 .. ..........$.w
0x007bd9b8: 00000000 747b249c 76d86ad7 007bdaa4 .....${t.j.v..{.
0x007bd9c8: 002e062e 00000400 00007fff 00000003 ................
0x007bd9d8: 007bdd48 01d3e000 007bdd48 113cf7f0 H.{.....H.{...<.
0x007bd9e8: 113ce3f8 007bda24 76d86a6d 00000400 ..<.$.{.mj.v....
0x007bd9f8: 00007fff 00000003 00000000 007bdd48 ............H.{.
0x007bda08: 007bdaa4 007bdd48 0000d1dc 0000002d ..{.H.{.....-...
0x007bda18: ca008b41 01d3e000 007bdb28 007bda7c A.......(.{.|.{.
0x007bda28: 752baae6 007bdaa4 002e062e 00000400 ..+u..{.........
0x007bda38: 00007fff 00000003 55cb8728 007bdd48 ........(..UH.{.
0x007bda48: 00000000 00000002 30000030 00000001 ........0..0....
0x007bda58: 00000180 007bdd48 00000000 007bda40 ....H.{.....@.{.
0x007bda68: 01ef0288 007be360 75320330 208e5a34 ....`.{.0.2u4Z. 
0x007bda78: 00000000 007bdac0 752bad8f 007bdaa4 ......{...+u..{.
0x007bda88: 002e062e 00000400 00007fff 00000003 ................
0x007bda98: 30ec6424 007bdd48 76fcd920 70baa613 $d.0H.{. ..v...p
0x007bdaa8: 747b24ac 76d885f6 00005dff 76d88600 .${t...v.].....v
0x007bdab8: daade464 00000440 007bdae4 752bb2a5 d...@.....{...+u
0x007bdac8: 0e0b50f8 0f1350e0 007bdd48 0f1350e0 .P...P..H.{..P..
0x007bdad8: 30ec6424 ffffffff 55cb87b0 007bdba4 $d.0.......U..{.
0x007bdae8: 752a7301 007bdb30 00000002 007bdb28 .s*u0.{.....(.{.
0x007bdaf8: 0e0b50f8 01efd4d0 113c95c8 00001dfc .P........<.....
0x007bdb08: 000007ff 0e0b50f8 00000002 0e0c9d4c .....P......L...
0x007bdb18: 00000000 007bde74 00000000 0f1350e0 ....t.{......P..
0x007bdb28: ffffffff 007bdd48 00000708 0000074c ....H.{.....L...
0x007bdb38: 0f0ce470 00000000 00000000 00000000 p...............
0x007bdb48: 00000000 007bdb00 00000000 00000000 ......{.........
0x007bdb58: 00000000 00000000 01ef0000 00000000 ................
0x007bdb68: 0f15eef0 752ffbe7 55cb8620 007bdb80 ....../u ..U..{.
0x007bdb78: 7531f9a3 0f15eef0 007bdb98 7529ae31 ..1u......{.1.)u
0x007bdb88: 0f15eef0 00000136 00000000 000000c0 ....6...........
0x007bdb98: 46000000 55cb8650 00000001 007bdcb8 ...FP..U......{.
0x007bdba8: 752b8306 0e0c9d4c 752b8160 007bde74 ..+uL...`.+ut.{.
0x007bdbb8: 0e0b50f8 752983ee 007bde4c 00000000 .P....)uL.{.....
0x007bdbc8: 007bde74 00000000 007bde74 1135c8d0 t.{.....t.{...5.
0x007bdbd8: 00000000 00000000 30ec6424 00000000 ........$d.0....
0x007bdbe8: 00000000 ffffffff ffffffff 00000000 ................
0x007bdbf8: 00000000 00000000 00000000 00000000 ................
0x007bdc08: 00000000 01ef6570 00000136 00000000 ....pe..6.......
0x007bdc18: 000000c0 46000000 55cb8168 e7da6605 .......Fh..U.f..
0x007bdc28: 00000272 e7da6605 8b42b56c 007bdc68 r....f..l.B.h.{.
0x007bdc38: 77b87269 752455e8 0000001e 00670b54 ir.w.U$u....T.g.
0x007bdc48: 0000001e 00000001 00660000 007bdca4 ..........f...{.
0x007bdc58: 00000000 752455e8 006632bc 00660000 .....U$u.2f...f.
0x007bdc68: 007bdc84 77b87166 0000001e 007bdcbf ..{.fq.w......{.
0x007bdc78: 7521c5f8 00660000 00000040 007bdcac ..!u..f.@.....{.
0x007bdc88: 77b69376 00000000 007bdcbf 007bdca4 v..w......{...{.
0x007bdc98: 00005dff 01efd4d0 0e0b50f8 00140014 .].......P......
0x007bdca8: 00669388 007bdcc0 75320d5d 55cb86e8 ..f...{.].2u...U
0x007bdcb8: 007bde28 752b7bef 007bde74 007bde4c (.{..{+ut.{.L.{.
0x007bdcc8: 0e0b50f8 007bdf60 007bde74 31c83dec .P..`.{.t.{..=.1
0x007bdcd8: 00000000 007bde74 007bde4c 00000000 ....t.{.L.{.....
0x007bdce8: 01efd4d0 00000000 000000c0 46000000 ...............F
0x007bdcf8: 574f454d 00000004 000001a2 00000000 MEOW............
0x007bdd08: 000000c0 46000000 00000338 00000000 .......F8.......
0x007bdd18: 000000c0 46000000 00000000 000013e8 .......F........
0x007bdd28: 00000010 752402d0 75295c90 75295dfc ......$u.\)u.])u
0x007bdd38: 55cb8068 007bdd6c 752967fe 752402d0 h..Ul.{..g)u..$u
0x007bdd48: 75214704 00000001 00000000 00000000 .G!u............
0x007bdd58: 00000000 00000000 80010115 007bddb8 ..............{.
0x007bdd68: 00000000 00000000 00000000 77b78480 ...............w
0x007bdd78: 00000000 00000000 00005dff debfebdb .........]......
0x007bdd88: 46d5b75b 5d0851aa a0d7fcfe 00000000 [..F.Q.]........
0x007bdd98: 00000000 00000000 30ec6424 00000000 ........$d.0....
0x007bdda8: 00000000 00000000 00000000 0f15f1f0 ................
0x007bddb8: 00000000 00000000 00000000 00000000 ................
0x007bddc8: 00000000 007bddd8 7531f9a3 1135c8d0 ......{...1u..5.
0x007bddd8: 007bde28 7530472d 1135c8d0 0000001c (.{.-G0u..5.....
0x007bdde8: 007bdf60 75304590 7530471f 00001418 `.{..E0u.G0u....
0x007bddf8: 00000000 113ccd84 113ccd80 00001440 ......<...<.@...
0x007bde08: 00000000 007bde14 007be8a4 000001a2 ......{...{.....
0x007bde18: 00000000 000000c0 46000000 55cb8180 ...........F...U
0x007bde28: 007bde54 75233045 007bde74 007bde4c T.{.E0#ut.{.L.{.
0x007bde38: 007be8a4 007be0a0 75232f70 0e0b50f8 ..{...{.p/#u.P..
0x007bde48: 007bde74 00000000 55cb8300 007be370 t.{........Up.{.
0x007bde58: 74c35a9a 0efff89c 007bdf60 0eaee527 .Z.t....`.{.'...
0x007bde68: 00000000 007be3a8 007be86c 0e0b50f8 ......{.l.{..P..
0x007bde78: 00000010 00000000 00001428 00008004 ........(.......
0x007bde88: 00000000 0e0c1390 007be2d8 007be100 ..........{...{.
0x007bde98: 753e7d08 00000000 007be8a4 7525f832 .}>u......{.2.%u
0x007bdea8: 00000000 01d40000 00000000 00000000 ................
0x007bdeb8: 007be0f4 01efd4d0 00000014 00000001 ..{.............
0x007bdec8: 007be0f4 752644ea 00000000 753e7d08 ..{..D&u.....}>u
0x007bded8: 00000000 007bdf60 007bdf60 00000000 ....`.{.`.{.....
0x007bdee8: 7525f832 00000000 00000000 00000000 2.%u............
0x007bdef8: 01d40000 00000000 00000000 007bdf60 ............`.{.
0x007bdf08: 00000000 007bdf60 007be8a4 00000000 ....`.{...{.....
0x007bdf18: 01efc9f8 01ef0000 0000000c 00000000 ................
0x007bdf28: 00000000 7521b0b8 007be018 74c667b0 ......!u..{..g.t
0x007bdf38: 00000004 00000000 01efc9f8 0e1149e0 .............I..
0x007bdf48: 00000013 01ef0000 00000004 007be8a4 ..............{.
0x007bdf58: 00000000 00000001 007bde74 113ce1a0 ........t.{...<.
0x007bdf68: 00000000 00000000 00000000 00001450 ............P...
0x007bdf78: 00000000 00000000 00000001 00000000 ................
0x007bdf88: 00000000 00000000 00000000 00000000 ................
0x007bdf98: 0001000c 00000000 00000000 00000000 ................
0x007bdfa8: 75320910 75320900 007be3a8 00000000 ..2u..2u..{.....
0x007bdfb8: 00000000 00000000 7521bfd0 00000000 ..........!u....
0x007bdfc8: 00000000 00000000 00000140 00000000 ........@.......
0x007bdfd8: 00000000 00000000 00000000 1135bf08 ..............5.
0x007bdfe8: 00000000 00000000 00000000 00000000 ................
0x007bdff8: 00000000 00000003 007bce20 00000000 ........ .{.....
0x007be008: 00000000 00000000 00000000 00000000 ................
0x007be018: 00000000 00000000 00000000 007be0a0 ..............{.
0x007be028: 00000000 00000000 00000000 00000000 ................
0x007be038: 00000000 74c52d4c 072ae524 072ae4a0 ....L-.t$.*...*.
0x007be048: 01efca34 00000060 00000001 00000000 4...`...........
0x007be058: 7525dd9a 1135cb28 74c52bad 007be8a4 ..%u(.5..+.t..{.
0x007be068: 00000000 00000000 00000000 752448cc .............H$u
0x007be078: 00000000 007be0a0 00000000 00000000 ......{.........
0x007be088: 0efff89c 0e167f98 752448cc 007bdf60 .........H$u`.{.
0x007be098: 00000004 7525f832 8a885d04 0000006c ....2.%u.]..l...
0x007be0a8: 752448be 752448b4 00000004 752448cc .H$u.H$u.....H$u
0x007be0b8: 007be3a8 00000c33 00000000 752448be ..{.3........H$u
0x007be0c8: 7525dd9a 00000022 00000000 00000000 ..%u"...........
0x007be0d8: 00000000 00000001 00000014 00000000 ................
0x007be0e8: 00000000 00000000 00000000 74c4b520 ............ ..t
0x007be0f8: 00000000 00000000 00000000 00000000 ................
0x007be108: 74c6f2b0 74c6f3a0 00000000 00000000 ...t...t........
0x007be118: 00000000 00000000 00000000 00000000 ................
0x007be128: 00000000 00000000 00000000 007be148 ............H.{.
0x007be138: 007be138 007be138 000001f8 00000000 8.{.8.{.........
0x007be148: 00000011 00000001 072ae524 072ae4a0 ........$.*...*.
0x007be158: 00000000 007be17c 74c5bc32 072ae524 ....|.{.2..t$.*.
0x007be168: 072ae4a0 0000000a 00000000 00000000 ..*.............
0x007be178: 00000000 007be20c 74c51418 752413a8 ......{....t..$u
0x007be188: 00000006 0000000a 00000000 00000000 ................
0x007be198: 00000000 00000000 00000003 00000000 ................
0x007be1a8: 00000001 00000001 00000000 00000000 ................
0x007be1b8: 00000000 00000000 00000001 00000000 ................
0x007be1c8: 00000000 00000000 74c51431 007bf244 ........1..tD.{.
0x007be1d8: 00000000 77b77447 47170719 00001138 ....Gt.w...G8...
0x007be1e8: 01ef0000 0000112a ca008b41 00000000 ....*...A.......
0x007be1f8: 02000002 00000000 ca008b41 00000006 ........A.......
0x007be208: 0eaee45b 007be2e0 02000002 072ae4a0 [.....{.......*.
0x007be218: ca008b41 00000000 752cb691 ffff76e6 A.........,u.v..
0x007be228: 01ef59ae 752cb239 ca008b41 01f3e8f0 .Y..9.,uA.......
0x007be238: 752cb24c 0e0c9c8c ca008b41 1135bf08 L.,u....A.....5.
0x007be248: 11348c88 113cbbd8 55cbbf94 00000000 ..4...<....U....
0x007be258: 00000000 00000225 752413a8 00000006 ....%.....$u....
0x007be268: 0000000a 0000000d 01ef0000 00000001 ................
0x007be278: 00000001 00000000 00000000 000007ff ................
0x007be288: 000007ff 01ef00c0 01ef6680 00000000 .........f......
0x007be298: 00000000 00000004 00001138 007be2d4 ........8.....{.
0x007be2a8: 00000000 00000000 0000077f 00000000 ................
0x007be2b8: 01000100 00000001 000038c0 113e85e0 .........8....>.
0x007be2c8: 00000001 00000000 00000000 113cbbd0 ..............<.
0x007be2d8: 113cbbd0 00180002 113cbbd8 113cbbd8 ..<.......<...<.
0x007be2e8: fffffffe 0000077f 000c9d0c ca008b41 ............A...
0x007be2f8: ffffab58 113e85d8 00000000 00009c88 X.....>.........
0x007be308: ca008b41 113e85e0 0000077f 01ef6570 A.....>.....pe..
0x007be318: 55cbbe48 00000001 007bf244 77ba67b0 H..U....D.{..g.w
0x007be328: 30ae66f1 fffffffe 007be370 77b75c95 .f.0....p.{..\.w
0x007be338: 0000112a 00001138 01ef6d20 00000000 *...8... m......
0x007be348: 7523fa48 007be6d0 007be374 0eaee527 H.#u..{.t.{.'...
0x007be358: 007bde64 00000000 007bf244 74c74aa0 d.{.....D.{..J.t
0x007be368: 7a18a677 00000001 007be390 75233a80 w..z......{..:#u
0x007be378: 7521bfd0 752448b4 007be3a8 7521eff4 ..!u.H$u..{...!u
0x007be388: 007be8a4 00000014 007be3a0 75322abf ..{.......{..*2u
0x007be398: 007be3a8 00000004 007be410 7528fe79 ..{.......{.y.(u
0x007be3a8: 0efff89c 00000000 007be8a4 007be404 ..........{...{.
0x007be3b8: 007be8a4 75213400 00000000 00000014 ..{..4!u........
0x007be3c8: 00000000 00000000 007be8ac 007bebe0 ..........{...{.
0x007be3d8: 007bed94 007bedb0 00000000 00000000 ..{...{.........
0x007be3e8: 0000170c 0f0cb770 9bcfd440 0000025f ....p...@..._...
0x007be3f8: 113cbbd8 00000895 00000000 00000000 ..<.............
0x007be408: 00000000 55cbbe90 007be670 75292ed6 .......Up.{...)u
0x007be418: 007be8a4 007bef40 00000000 00000000 ..{.@.{.........
0x007be428: 00000000 00000000 00000000 00000000 ................
0x007be438: 00000000 00000000 00000000 00000000 ................
0x007be448: 00000000 00000000 00000000 00000000 ................
0x007be458: 00000000 00000000 00000000 00000000 ................
0x007be468: 00000000 00000000 00000000 00000000 ................
0x007be478: 00000000 00000000 00000000 00000000 ................
0x007be488: 00000000 00000000 00000000 00000000 ................
0x007be498: 00000000 00000000 00000000 00000000 ................
0x007be4a8: 00000000 00000000 00000000 00000000 ................
0x007be4b8: 00000000 00000000 00000000 00000000 ................
0x007be4c8: 00000000 00000000 00000000 00000000 ................
0x007be4d8: 00000000 00000000 00000000 00000000 ................
0x007be4e8: 00000000 00000000 00000000 00000000 ................
0x007be4f8: 00000000 00000000 00000000 00000000 ................
0x007be508: 00000000 00000000 00000000 00000000 ................
0x007be518: 00000000 00000000 00000000 00000000 ................
0x007be528: 00000000 00000000 00000000 00000000 ................
0x007be538: 00000000 00000000 00000000 00000000 ................
0x007be548: 00000000 00000000 00000000 00000000 ................
0x007be558: 00000000 00000000 00000000 00000000 ................
0x007be568: 00000000 00000000 00000000 00000000 ................
0x007be578: 00000000 00000000 00000000 00000000 ................
0x007be588: 00000000 00000000 00000000 00000000 ................
0x007be598: 00000000 00000000 00000000 00000000 ................
0x007be5a8: 00000000 00000000 00000000 00000000 ................
0x007be5b8: 00000000 00000000 00000000 00000000 ................
0x007be5c8: 00000000 00000000 00000000 00000000 ................
0x007be5d8: 00000000 00000000 00000000 00000000 ................
0x007be5e8: 00000000 00000000 00000000 00000000 ................
0x007be5f8: 00000000 00000000 00000000 00000000 ................
0x007be608: 00000000 00000000 00000000 00000000 ................
0x007be618: 00000000 00000000 00000000 00000000 ................
0x007be628: 00000000 00000000 00000000 00000000 ................
0x007be638: 00000000 00000000 00000000 75292e11 ..............)u
0x007be648: 007be8a4 75292d80 00000000 00000000 ..{..-)u........
0x007be658: 00000000 007be6d0 00000000 00000000 ......{.........
0x007be668: 75293050 55cbbb24 007be6bc 75296de2 P0)u$..U..{..m)u
0x007be678: 753e7258 00000000 007be8a4 007bef40 Xr>u......{.@.{.
0x007be688: 00000000 00000014 00000001 007be6bc ..............{.
0x007be698: 75295f50 007bec3c 007bef40 007be8b4 P_)u<.{.@.{...{.
0x007be6a8: 00000014 00000000 75295f6a 55cbbbe8 ........j_)u...U
0x007be6b8: 55cbbbe8 007bf018 752d77a0 007be8a4 ...U..{..w-u..{.
0x007be6c8: 00000000 007bef40 7521339c 752133e0 ....@.{..3!u.3!u
0x007be6d8: 752133f0 00000003 00000338 00000000 .3!u....8.......
0x007be6e8: 000000c0 46000000 00000000 00000000 .......F........
0x007be6f8: 00000001 000013e0 000000c0 00000000 ................
0x007be708: 00000000 00000006 00000000 00000000 ................
0x007be718: 00000000 00000000 007be7a8 007be868 ..........{.h.{.
0x007be728: 00000000 00000000 00000000 00000000 ................
0x007be738: 00000000 00000000 00000000 00000000 ................
0x007be748: 00000000 00000000 00000000 00000000 ................
0x007be758: 00000000 00000000 000013e8 00000000 ................
0x007be768: 00000001 00000000 007be8c0 007bedb4 ..........{...{.
0x007be778: 007bec40 007bed24 007bec14 007bebe4 @.{.$.{...{...{.
0x007be788: 007bed98 00000000 00000000 00000000 ..{.............
0x007be798: 00000000 00000000 00000000 00000006 ................
0x007be7a8: 000001b9 00000000 000000c0 46000000 ...............F
0x007be7b8: 000001ab 00000000 000000c0 46000000 ...............F
0x007be7c8: 000001a5 00000000 000000c0 46000000 ...............F
0x007be7d8: 000001a4 00000000 000000c0 46000000 ...............F
0x007be7e8: 000001a6 00000000 000000c0 46000000 ...............F
0x007be7f8: 000001aa 00000000 000000c0 46000000 ...............F
0x007be808: 752d07ec 00000000 00000000 753e8a61 ..-u........a.>u
0x007be818: 753e8a60 753e61a0 00000004 00000000 `.>u.a>u........
0x007be828: 00000000 00000000 00000000 00000000 ................
0x007be838: 00000000 00000000 00000000 00000000 ................
0x007be848: 00000000 00000000 00000000 00000000 ................
0x007be858: 00000000 00000000 00000000 00000000 ................
0x007be868: 00000068 00000058 00000090 00000020 h...X....... ...
0x007be878: 00000020 00001190 00000000 00000000  ...............
0x007be888: 00000000 00000000 00000000 00000000 ................
0x007be898: 000000c0 00000000 00000000 75213400 .............4!u
0x007be8a8: 75213448 75213460 00000002 00000000 H4!u`4!u........
0x007be8b8: 00000000 00000014 00000001 00000000 ................
0x007be8c8: 00000000 00000000 00000000 1136d480 ..............6.
0x007be8d8: 00000000 007bec3c 00000000 007bed20 ....<.{..... .{.
0x007be8e8: 007bec10 00000000 007bedb0 00000000 ..{.......{.....
0x007be8f8: 00000000 00000000 75213480 752134c0 .........4!u.4!u
0x007be908: 752134d0 00000001 00000339 00000000 .4!u....9.......
0x007be918: 000000c0 46000000 00000000 00000000 .......F........
0x007be928: 00000001 00000000 00000000 00000000 ................
0x007be938: 00000004 00000000 00000000 00000000 ................
0x007be948: 00000000 00000000 00000000 00000000 ................
0x007be958: 00000000 00000000 00000000 00000000 ................
0x007be968: 00000000 00000000 00000000 00000000 ................
0x007be978: 00000000 00000000 00000000 00000000 ................
0x007be988: 00000000 00000000 00000000 00000000 ................
0x007be998: 00000000 00000001 006407d0 00000000 ..........d.....
0x007be9a8: 00000000 00000000 00000000 00000000 ................
0x007be9b8: 00000000 00000000 00000000 00000000 ................
0x007be9c8: 00000000 00000000 00000000 00000000 ................
0x007be9d8: 006401d0 00000009 00640bd8 00380036 ..d.......d.6.8.
0x007be9e8: 007bea20 77b75c0c 00000024 00000000  .{..\.w$.......
0x007be9f8: 0723fc80 77b75b00 00000014 00000030 ..#..[.w....0...
0x007bea08: 00000000 00000000 00000006 00000002 ................
0x007bea18: 00000000 0f160d80 007bea34 77b75b32 ........4.{.2[.w
0x007bea28: 00000000 00000000 0f160d80 0723fc80 ..............#.
0x007bea38: 7532ce70 007bea74 752d048b 0723fc80 p.2ut.{...-u..#.
0x007bea48: 00000014 007bea98 752d049a 75304d30 ......{...-u0M0u
0x007bea58: 74901100 75290048 00000014 0000000e ...tH.)u........
0x007bea68: 00000000 8bc3f05e 55cbb720 007bead0 ....^... ..U..{.
0x007bea78: 752d0707 007bea98 00000014 007bebe0 ..-u..{.......{.
0x007bea88: 1136d480 007beb7c 6b637453 00000014 ..6.|.{.Stck....
0x007bea98: 8bc3f05e 11d0d86b c00075a0 2088b64f ^...k....u..O.. 
0x007beaa8: 00000000 fffffffe 752d0d6d 752d0696 ........m.-u..-u
0x007beab8: 007bf004 00000000 752d072e 0723fc80 ..{.......-u..#.
0x007beac8: 8bc3f05e 00000000 007bee74 752134e0 ^.......t.{..4!u
0x007bead8: 75213508 00000000 75213518 00000000 .5!u.....5!u....
0x007beae8: 00000000 00000000 00000000 00000000 ................
0x007beaf8: 00000000 00000000 00000000 2088b64f ............O.. 
0x007beb08: 00000000 fffffffe 752d0d6d 752d154c ........m.-uL.-u
0x007beb18: 752d3d10 00000014 752d1bd4 007bebc0 .=-u......-u..{.
0x007beb28: 007beb80 00000040 77b71efc 00000000 ..{.@......w....
0x007beb38: 00000000 007bec7c 77b71e40 00000000 ....|.{.@..w....
0x007beb48: 00000000 00000000 00000000 00000000 ................
0x007beb58: 007c1738 000007a0 00000000 00000018 8.|.............
0x007beb68: 00000003 00000000 00000002 00000000 ................
0x007beb78: 00000002 00000000 753e8608 00000000 ..........>u....
0x007beb88: 00000000 00000000 00000000 007b0000 ..............{.
0x007beb98: 77b70000 00000003 00000000 007bef5c ...w........\.{.
0x007beba8: 00000000 00000000 00000000 00000000 ................
0x007bebb8: 7521353c 75213564 00000000 00000000 <5!ud5!u........
0x007bebc8: 00000000 00000000 00000000 007beaf8 ..............{.
0x007bebd8: 00000000 75213588 752135e4 752135f8 .....5!u.5!u.5!u
0x007bebe8: 007be6d4 00000000 00000001 00000000 ..{.............
0x007bebf8: 00000000 00000000 00000000 00000000 ................
0x007bec08: 00000000 00000000 7521361c 75213650 .........6!uP6!u
0x007bec18: 007be6d4 00000000 00000001 00000000 ..{.............
0x007bec28: 00000000 00000000 00000000 00000000 ................
0x007bec38: 00000000 75213674 75213684 007be6d4 ....t6!u.6!u..{.
0x007bec48: 00000000 00000001 8bc3f05e 11d0d86b ........^...k...
0x007bec58: c00075a0 2088b64f 00000014 00000000 .u..O.. ........
0x007bec68: 00000000 00000001 00000000 007bec80 ..............{.
0x007bec78: 00000058 00070005 f309ad18 11d0d86a X...........j...
0x007bec88: c00075a0 2088b64f 00000000 00000000 .u..O.. ........
0x007bec98: 471708e5 00000000 74d00000 00000001 ...G.......t....
0x007beca8: 7521000c 74d00100 00000000 007bec98 ..!u...t......{.
0x007becb8: 00000000 007bf020 77ba67b0 30ae6541 .... .{..g.wAe.0
0x007becc8: fffffffe 007bed10 77b6eb45 00000001 ......{.E..w....
0x007becd8: 74d00000 00000000 00000000 007bed04 ...t..........{.
0x007bece8: 01efa4b8 00000000 00000000 01efd648 ............H...
0x007becf8: 77b7041a 007bed48 74d00000 74d00100 ...wH.{....t...t
0x007bed08: 00000000 00002963 007beda4 77bb1e39 ....c)....{.9..w
0x007bed18: 00000009 007bee00 752136a8 752136d8 ......{..6!u.6!u
0x007bed28: 007be6d4 00000000 00000001 752136fc ..{..........6!u
0x007bed38: 00000000 00000000 00000000 00000000 ................
0x007bed48: 11377ae0 00000000 00000000 00000000 .z7.............
0x007bed58: 00000000 00000000 01f131c8 00000000 .........1......
0x007bed68: 00000000 7521370c 75213740 00000000 .....7!u@7!u....
0x007bed78: 00000000 00000000 00000000 00000000 ................
0x007bed88: 00000000 00000000 00000000 75213764 ............d7!u
0x007bed98: 7521378c 007be6d4 00000000 00000001 .7!u..{.........
0x007beda8: 007be3e8 00000000 752137b0 7521381c ..{......7!u.8!u
0x007bedb8: 007be6d4 00000000 00000001 77b6f07a ..{.........z..w
0x007bedc8: 0000001d 00000000 00000000 00000000 ................
0x007bedd8: 00000002 00000000 00000000 00000000 ................
0x007bede8: 00000000 00000000 00000014 00000002 ................
0x007bedf8: 00000000 00000000 00000000 00000000 ................
0x007bee08: 00000000 00000000 00000000 00000000 ................
0x007bee18: 00000000 00000000 75213840 7521385c ........@8!u\8!u
0x007bee28: 00000000 00000000 00000000 00000000 ................
0x007bee38: 00000000 c00075a0 75213880 75213894 .....u...8!u.8!u
0x007bee48: 00000000 00000000 00000000 8bc3f05e ............^...
0x007bee58: 00000000 00000000 752138b8 752138d4 .........8!u.8!u
0x007bee68: 00000000 00000000 00000000 752d504c ............LP-u
0x007bee78: 00000000 00000000 00000000 00000000 ................
0x007bee88: 00000000 752d75ac 00000014 01efd4d0 .....u-u........
0x007bee98: 00000000 0521eeb0 0e87cea8 01ea0000 ......!.........
0x007beea8: 77b7766b 051d2a38 6af86903 00000000 kv.w8*...i.j....
0x007beeb8: 47171421 000000b8 01ea0000 000000b0 !..G............
0x007beec8: 00000000 77b77447 47171409 007beff4 ....Gt.w...G..{.
0x007beed8: 41e90f3e 463356c1 8b6ec381 70dd8bac >..A.V3F..n....p
0x007beee8: 752407ac 00000008 00000000 00000014 ..$u............
0x007beef8: 00000000 00000000 007bef64 00000000 ........d.{.....
0x007bef08: 007bf1d8 00000001 00000020 00000000 ..{..... .......
0x007bef18: 00000000 00000000 00000001 007bf0a8 ..............{.
0x007bef28: 00000000 00000000 00000000 00000000 ................
0x007bef38: 00000000 00000000 00000000 00000000 ................
0x007bef48: 00000000 00000000 80004005 80004002 .........@...@..
0x007bef58: 007bf118 00000000 00000000 00000000 ..{.............
0x007bef68: 0021378c 00000000 007be6d0 75295f00 .7!.......{.._)u
0x007bef78: 00000000 00000000 00000000 00000000 ................
0x007bef88: 00000000 00000000 f309ad18 11d0d86a ............j...
0x007bef98: c00075a0 2088b64f 00000000 00000000 .u..O.. ........
0x007befa8: 00000000 00000000 00000001 00000000 ................
0x007befb8: 007bef80 007bef88 007bef90 00000000 ..{...{...{.....
0x007befc8: 00000000 00000000 00000000 00000000 ................
0x007befd8: 00000000 00000000 00000000 00000000 ................
0x007befe8: 00000000 00000000 00000000 8bc3f05e ............^...
0x007beff8: 11d0d86b c00075a0 2088b64f 8bc3f05e k....u..O.. ^...
0x007bf008: 11d0d86b c00075a0 2088b64f 55cbad4c k....u..O.. L..U
0x007bf018: 007bf0cc 752d6ba2 00000014 00000000 ..{..k-u........
0x007bf028: 00000001 00000000 007bf118 00000000 ..........{.....
0x007bf038: 00000000 00000000 00000000 00000000 ................
0x007bf048: 01efd4d0 6edd11e8 00000000 00000000 .......n........
0x007bf058: 00000000 007bf118 00000000 00000000 ......{.........
0x007bf068: 00000000 00000000 00000000 0f0ce3d0 ................
0x007bf078: 0000000e 6edd32e8 00640000 00640000 .....2.n..d...d.
0x007bf088: 0f0ffa10 00000010 0f0ffa30 1fffffff ........0.......
0x007bf098: 00640de4 00000000 006401c0 0000001d ..d.......d.....
0x007bf0a8: 00640de0 007bf0f0 007bf0e8 77b75c0c ..d...{...{..\.w
0x007bf0b8: 00000004 00000000 00000002 55cbad10 ...............U
0x007bf0c8: 0eff09b8 007bf0f0 7531686f 00000014 ......{.oh1u....
0x007bf0d8: 00000000 00000001 007bf118 00000000 ..........{.....
0x007bf0e8: 0eff09b8 01efd4d0 007bf124 6edd2069 ........$.{.i .n
0x007bf0f8: 6edd11e8 00000000 00000014 00000000 ...n............
0x007bf108: 00000001 007bf118 00000000 00000000 ......{.........
0x007bf118: 6edd11f8 00000000 80004002 007bf250 ...n.....@..P.{.
0x007bf128: 6edd23e3 007bf178 00000001 00000000 .#.nx.{.........
0x007bf138: 3ac88f82 0eff09b8 0eff09b8 0f0cd27c ...:........|...
0x007bf148: 00000000 00000000 00000000 00000000 ................
0x007bf158: 00000000 00000000 00000000 00000000 ................
0x007bf168: 00000000 00000000 dc12a687 11cf737f .............s..
0x007bf178: 00000000 0f0ffd40 007bf1a4 00000000 ....@.....{.....
0x007bf188: 00000000 00000000 00000001 00000000 ................
0x007bf198: 007bf160 6edd11d0 77b7041a 00000009 `.{....n...w....
0x007bf1a8: 00000000 11307f30 00000000 00000003 ....0.0.........
0x007bf1b8: 00000000 00000000 77b704f2 007bf1d8 ...........w..{.
0x007bf1c8: 007bf358 00000000 77b704d4 4590f811 X.{........w...E
0x007bf1d8: 00000000 01ef0000 00000002 11307f30 ............0.0.
0x007bf1e8: 00000000 00000000 6edd11d0 0f0ffd40 ...........n@...
0x007bf1f8: 00000000 11307f30 00000000 00000001 ....0.0.........
0x007bf208: 00000012 00000000 00640000 00640000 ..........d...d.
0x007bf218: 0f0ffd40 0eff09b8 000100fc 00000000 @...............
0x007bf228: 00640834 00000000 006401c4 00000000 4.d.......d.....
0x007bf238: 00640830 77b592e9 3ac88f82 007bf2c4 0.d....w...:..{.
0x007bf248: 6edd3f42 00000005 007bf280 6edd1ba9 B?.n......{....n
0x007bf258: 0f0cd27c 00000000 00000000 00000000 |...............
0x007bf268: 00000000 00000000 00000000 007bf358 ............X.{.
0x007bf278: 6edd3de0 0eff09b8 007bf2d0 6edd2a1f .=.n......{..*.n
0x007bf288: 0f0cd27c 00000000 00000000 00000000 |...............
0x007bf298: 00000000 00000000 00000000 007bf358 ............X.{.
0x007bf2a8: 3ac88f02 007bf358 0f0ffd20 00000000 ...:X.{. .......
0x007bf2b8: 0eff09b8 00000000 3ac88f02 007bf950 ...........:P.{.
0x007bf2c8: 6edd3f83 ffffffff 007bf310 009f3bb2 .?.n......{..;..
0x007bf2d8: 0f0ffd20 0f0cd27c 00000000 00000000  ...|...........
0x007bf2e8: 00000000 00000000 00000000 00000000 ................
0x007bf2f8: 007bf358 0000000f 00000000 00000010 X.{.............
0x007bf308: 03ac6b00 0f0ffd20 007bf35c 009f5baa .k.. ...\.{..[..
0x007bf318: 0485e1f0 00000000 03af0010 03af0010 ................
0x007bf328: 018eef80 00000000 007bf344 009e6b04 ........D.{..k..
0x007bf338: 03af0010 00000000 0485e1f0 007bf354 ............T.{.
0x007bf348: 009e6bc2 00000000 0000000f 007bf450 .k..........P.{.
0x007bf358: 00000000 007bf450 00ed2895 00000010 ....P.{..(......
0x007bf368: 0485e1f0 00000000 007bf388 009e53f5 ..........{..S..
0x007bf378: 03af00a0 00000010 00000010 018eef80 ................
0x007bf388: 007bf3c0 342e3575 3470302e 00000000 ..{.u5.4.0p4....
0x007bf398: 0000002f 00000008 0000000f 00000030 /...........0...
0x007bf3a8: 03af0010 0000002f 007bf49c 0000000f ..../.....{.....
0x007bf3b8: 00000020 0000002f 007bf3e0 646e6957  .../.....{.Wind
0x007bf3c8: 5073776f 6579616c 00000072 0000000d owsPlayer.......
0x007bf3d8: 0000000f 0000004b 03af0010 008df739 ....K.......9...
0x007bf3e8: 00000030 00000010 00000020 0000002f 0....... .../...
0x007bf3f8: 0167dea8 0000004b 007bf434 008dfd96 ..g.K...4.{.....
0x007bf408: 00000030 00000000 00000024 0485e200 0.......$.......
0x007bf418: 342e3500 3470302e 0485e200 007bf410 .5.4.0p4......{.
0x007bf428: 00000000 0000000f 007bf450 03b17f00 ........P.{.....
0x007bf438: 03af00a0 03af00d0 00000024 00000000 ........$.......
0x007bf448: 0000000f 00000000 007bf458 00ed1d2a ........X.{.*...
0x007bf458: 007bf468 00ed2467 00000001 0485e1f0 h.{.g$..........
0x007bf468: 007bf4f8 00ed3a68 007bf49c 00000001 ..{.h:....{.....
0x007bf478: 0485e1f0 000ef906 76f9f400 01763ca8 ...........v.<v.
0x007bf488: 00fb9799 0000000a 00000000 0000000f ................
0x007bf498: 00000022 03af00d0 0485e198 00000000 "...............
0x007bf4a8: 0187e4e8 00000024 0000002f 00b8e300 ....$.../.......
0x007bf4b8: 00000000 00000000 00000005 00000000 ................
0x007bf4c8: 00000000 0000000f 2e3ef761 03af0100 ........a.>.....
0x007bf4d8: 00000000 007bf551 00000010 00000024 ....Q.{.....$...
0x007bf4e8: 0000002f 0187e5c4 0485e1f0 007bf508 /.............{.
0x007bf4f8: 007bf508 00ed3b55 00000000 018a85f0 ..{.U;..........
0x007bf508: 007bf524 00ed3bcf 00000001 7193fb99 $.{..;.........q
0x007bf518: 7193fb99 000ef906 00000000 007bf558 ...q........X.{.
0x007bf528: 00ed0db5 0485e1f0 00000001 7193fb99 ...............q
0x007bf538: 7193fb99 000ef906 00000000 01721e4d ...q........M.r.
0x007bf548: 0485e198 00000000 018a85f0 00000000 ................
0x007bf558: 007bf5c0 00ed1984 00000001 7193fb99 ..{............q
0x007bf568: 7193fb99 000ef906 00000000 00000002 ...q............
0x007bf578: 00000003 018a52d0 03af0100 03b02a90 .....R.......*..
0x007bf588: 03ada3b0 007bf5fc 00000000 0000000f ......{.........
0x007bf598: 00000002 03af0100 007bf590 007bf950 ..........{.P.{.
0x007bf5a8: 00000000 00000024 0000002f 007bf5d0 ....$.../.....{.
0x007bf5b8: 2e3f26fa 00000000 007bf5cc 00ed1ada .&?.......{.....
0x007bf5c8: 00000001 007bf5f4 00b1f8a0 0485e198 ......{.........
0x007bf5d8: ffffffbc 04238480 00000002 04238480 ......#.......#.
0x007bf5e8: 03ad7a01 042383f0 018a52ac 007bf65c .z....#..R..\.{.
0x007bf5f8: 00b205cf ffffffbc 04238480 00000002 ..........#.....
0x007bf608: 03ad7ab0 042383f0 03ad7a01 03b02930 .z....#..z..0)..
0x007bf618: 03b02930 00000000 04238444 007bf638 0)......D.#.8.{.
0x007bf628: 03b02950 00000000 03b02930 00000000 P)......0)......
0x007bf638: 007bf648 009e6b60 03b02930 00000008 H.{.`k..0)......

Module 1
C:\Windows\SYSTEM32\xinput1_3.dll
Image Base: 0x00400000  Image Size: 0x00016000
File Size:  81768       File Time:  2007-04-04_185342
Version:
   Company:    Microsoft Corporation
   Product:    Microsoft® DirectX for Windows®
   FileDesc:   Microsoft Common Controller API
   FileVer:    9.18.944.0
   ProdVer:    9.18.944.0

Module 2
C:\Users\1\Desktop\Snakes_1millicircle\ingame.exe
Image Base: 0x008d0000  Image Size: 0x011b8000
File Size:  17729024    File Time:  2016-08-27_015228
Version:
   Company:    
   Product:    
   FileDesc:   
   FileVer:    5.4.0.23386
   ProdVer:    5.4.0.23386

Module 3
C:\Users\1\Desktop\Snakes_1millicircle\ingame_Data\Mono\mono.dll
Image Base: 0x10000000  Image Size: 0x00230000
File Size:  2113496     File Time:  2016-08-27_015748
Version:
   Company:    Unity Technologies
   Product:    libmono
   FileDesc:   Unity Technologies fork of mono runtime
   FileVer:    1.0.0.1
   ProdVer:    1.0.0.1

Module 4
C:\Windows\SYSTEM32\midimap.dll
Image Base: 0x52200000  Image Size: 0x00008000
File Size:  18944       File Time:  2016-07-16_144250
Version:
   Company:    Microsoft Corporation
   Product:    Microsoft® Windows® Operating System
   FileDesc:   Microsoft MIDI Mapper
   FileVer:    10.0.14393.0
   ProdVer:    10.0.14393.0

Module 5
C:\Windows\SYSTEM32\msacm32.drv
Image Base: 0x52210000  Image Size: 0x0000a000
File Size:  24576       File Time:  2016-07-16_144250
Version:
   Company:    Microsoft Corporation
   Product:    Операционная система Microsoft® Windows®
   FileDesc:   Программа переназначения звуковых устройств
   FileVer:    10.0.14393.0
   ProdVer:    10.0.14393.0

Module 6
C:\Windows\SYSTEM32\AVRT.dll
Image Base: 0x52220000  Image Size: 0x00009000
File Size:  29448       File Time:  2016-07-16_144250
Version:
   Company:    Microsoft Corporation
   Product:    Microsoft® Windows® Operating System
   FileDesc:   Multimedia Realtime Runtime
   FileVer:    10.0.14393.0
   ProdVer:    10.0.14393.0

Module 7
C:\Windows\SYSTEM32\ksuser.dll
Image Base: 0x52230000  Image Size: 0x00007000
File Size:  20672       File Time:  2016-07-16_144250
Version:
   Company:    Microsoft Corporation
   Product:    Microsoft® Windows® Operating System
   FileDesc:   User CSA Library
   FileVer:    10.0.14393.0
   ProdVer:    10.0.14393.0

Module 8
C:\Windows\SYSTEM32\wdmaud.drv
Image Base: 0x52240000  Image Size: 0x00039000
File Size:  207360      File Time:  2016-07-16_144250
Version:
   Company:    Microsoft Corporation
   Product:    Операционная система Microsoft® Windows®
   FileDesc:   Системный звуковой драйвер Winmm
   FileVer:    10.0.14393.0
   ProdVer:    10.0.14393.0

Module 9
C:\Windows\SYSTEM32\HID.DLL
Image Base: 0x52280000  Image Size: 0x0000a000
File Size:  25600       File Time:  2016-07-16_144250
Version:
   Company:    Microsoft Corporation
   Product:    Операционная система Microsoft® Windows®
   FileDesc:   Библиотека пользователя HID
   FileVer:    10.0.14393.0
   ProdVer:    10.0.14393.0

Module 10
C:\Windows\SYSTEM32\MSACM32.dll
Image Base: 0x5b630000  Image Size: 0x00018000
File Size:  90912       File Time:  2016-07-16_144250
Version:
   Company:    Microsoft Corporation
   Product:    Операционная система Microsoft® Windows®
   FileDesc:   Фильтр диспетчера аудиосжатия Microsoft
   FileVer:    10.0.14393.0
   ProdVer:    10.0.14393.0

Module 11
C:\Windows\System32\DriverStore\FileRepository\nvltwu.inf_amd64_dc8ffafad3ea7ddd\nvwgf2um.dll
Image Base: 0x5eba0000  Image Size: 0x013bb000
File Size:  20939056    File Time:  2017-01-17_055134
Version:
   Company:    NVIDIA Corporation
   Product:    NVIDIA D3D10 drivers
   FileDesc:   NVIDIA D3D10 Driver, Version 376.54 
   FileVer:    21.21.13.7654
   ProdVer:    21.21.13.7654

Module 12
C:\Windows\WinSxS\x86_microsoft.windows.common-controls_6595b64144ccf1df_6.0.14393.953_none_89c2555adb023171\comctl32.dll
Image Base: 0x630a0000  Image Size: 0x0020a000
File Size:  2121568     File Time:  2017-03-04_094648
Version:
   Company:    Microsoft Corporation
   Product:    Операционная система Microsoft® Windows®
   FileDesc:   Библиотека элементов управления взаимодействия с пользователем
   FileVer:    6.10.14393.953
   ProdVer:    10.0.14393.953

Module 13
C:\Windows\SYSTEM32\DDRAW.dll
Image Base: 0x68330000  Image Size: 0x000ed000
File Size:  548352      File Time:  2017-03-04_091812
Version:
   Company:    Microsoft Corporation
   Product:    Операционная система Microsoft® Windows®
   FileDesc:   Microsoft DirectDraw
   FileVer:    10.0.14393.953
   ProdVer:    10.0.14393.953

Module 14
C:\Windows\SYSTEM32\OPENGL32.dll
Image Base: 0x68fb0000  Image Size: 0x000e0000
File Size:  786944      File Time:  2016-07-16_144306
Version:
   Company:    Microsoft Corporation
   Product:    Microsoft® Windows® Operating System
   FileDesc:   OpenGL Client DLL
   FileVer:    10.0.14393.0
   ProdVer:    10.0.14393.0

Module 15
C:\Windows\SYSTEM32\GLU32.dll
Image Base: 0x6cca0000  Image Size: 0x00025000
File Size:  141312      File Time:  2016-07-16_144306
Version:
   Company:    Microsoft Corporation
   Product:    Операционная система Microsoft® Windows®
   FileDesc:   Библиотека подпрограмм OpenGL
   FileVer:    10.0.14393.0
   ProdVer:    10.0.14393.0

Module 16
C:\Windows\SYSTEM32\AUDIOSES.DLL
Image Base: 0x6ccd0000  Image Size: 0x0007b000
File Size:  484584      File Time:  2017-03-28_101036
Version:
   Company:    Microsoft Corporation
   Product:    Операционная система Microsoft® Windows®
   FileDesc:   Сеанс обработки звука
   FileVer:    10.0.14393.1066
   ProdVer:    10.0.14393.1066

Module 17
C:\Windows\SYSTEM32\dxgi.dll
Image Base: 0x6cf20000  Image Size: 0x00083000
File Size:  524776      File Time:  2017-03-04_095404
Version:
   Company:    Microsoft Corporation
   Product:    Microsoft® Windows® Operating System
   FileDesc:   DirectX Graphics Infrastructure
   FileVer:    10.0.14393.953
   ProdVer:    10.0.14393.953

Module 18
C:\Windows\SYSTEM32\DCIMAN32.dll
Image Base: 0x6d150000  Image Size: 0x00007000
File Size:  11776       File Time:  2016-07-16_144250
Version:
   Company:    Microsoft Corporation
   Product:    Microsoft® Windows® Operating System
   FileDesc:   DCI Manager
   FileVer:    10.0.14393.0
   ProdVer:    10.0.14393.0

Module 19
C:\Windows\SYSTEM32\d3d11.dll
Image Base: 0x6d160000  Image Size: 0x00230000
File Size:  2277288     File Time:  2017-03-04_095414
Version:
   Company:    Microsoft Corporation
   Product:    Microsoft® Windows® Operating System
   FileDesc:   Direct3D 11 Runtime
   FileVer:    10.0.14393.953
   ProdVer:    10.0.14393.953

Module 20
C:\Windows\SYSTEM32\wintypes.dll
Image Base: 0x6d700000  Image Size: 0x000cf000
File Size:  846560      File Time:  2017-03-28_090202
Version:
   Company:    Microsoft Corporation
   Product:    Операционная система Microsoft® Windows®
   FileDesc:   Библиотека DLL основных типов Windows
   FileVer:    10.0.14393.1066
   ProdVer:    10.0.14393.1066

Module 21
C:\Windows\system32\wbem\fastprox.dll
Image Base: 0x6e650000  Image Size: 0x000c2000
File Size:  779776      File Time:  2016-07-16_144258
Version:
   Company:    Microsoft Corporation
   Product:    Microsoft® Windows® Operating System
   FileDesc:   WMI Custom Marshaller
   FileVer:    10.0.14393.0
   ProdVer:    10.0.14393.0

Module 22
C:\Windows\system32\wbem\wbemsvc.dll
Image Base: 0x6eb10000  Image Size: 0x00010000
File Size:  48640       File Time:  2016-07-16_144258
Version:
   Company:    Microsoft Corporation
   Product:    Microsoft® Windows® Operating System
   FileDesc:   WMI
   FileVer:    10.0.14393.0
   ProdVer:    10.0.14393.0

Module 23
C:\Windows\system32\dwmapi.dll
Image Base: 0x6eb80000  Image Size: 0x0001f000
File Size:  113504      File Time:  2016-09-15_201352
Version:
   Company:    Microsoft Corporation
   Product:    Операционная система Microsoft® Windows®
   FileDesc:   Интерфейс API диспетчера окон рабочего стола (Майкрософт)
   FileVer:    10.0.14393.206
   ProdVer:    10.0.14393.206

Module 24
C:\Windows\SYSTEM32\wbemcomn.dll
Image Base: 0x6ed60000  Image Size: 0x00067000
File Size:  391168      File Time:  2016-07-16_144258
Version:
   Company:    Microsoft Corporation
   Product:    Microsoft® Windows® Operating System
   FileDesc:   WMI
   FileVer:    10.0.14393.0
   ProdVer:    10.0.14393.0

Module 25
C:\Windows\system32\wbem\wbemprox.dll
Image Base: 0x6edd0000  Image Size: 0x0000d000
File Size:  35328       File Time:  2016-07-16_144258
Version:
   Company:    Microsoft Corporation
   Product:    Microsoft® Windows® Operating System
   FileDesc:   WMI
   FileVer:    10.0.14393.0
   ProdVer:    10.0.14393.0

Module 26
C:\Windows\system32\uxtheme.dll
Image Base: 0x6ede0000  Image Size: 0x00075000
File Size:  457728      File Time:  2016-07-16_144306
Version:
   Company:    Microsoft Corporation
   Product:    Операционная система Microsoft® Windows®
   FileDesc:   Библиотека тем UxTheme (Microsoft)
   FileVer:    10.0.14393.0
   ProdVer:    10.0.14393.0

Module 27
C:\Windows\SYSTEM32\bcrypt.dll
Image Base: 0x6f950000  Image Size: 0x0001b000
File Size:  106896      File Time:  2016-12-09_130100
Version:
   Company:    Microsoft Corporation
   Product:    Операционная система Microsoft® Windows®
   FileDesc:   Библиотека криптографических примитивов Windows
   FileVer:    10.0.14393.576
   ProdVer:    10.0.14393.576

Module 28
C:\Windows\system32\rsaenh.dll
Image Base: 0x6f970000  Image Size: 0x0002f000
File Size:  184416      File Time:  2016-07-16_144256
Version:
   Company:    Microsoft Corporation
   Product:    Microsoft® Windows® Operating System
   FileDesc:   Microsoft Enhanced Cryptographic Provider
   FileVer:    10.0.14393.0
   ProdVer:    10.0.14393.0

Module 29
C:\Windows\SYSTEM32\CRYPTSP.dll
Image Base: 0x6f9a0000  Image Size: 0x00013000
File Size:  68720       File Time:  2016-07-16_144256
Version:
   Company:    Microsoft Corporation
   Product:    Microsoft® Windows® Operating System
   FileDesc:   Cryptographic Service Provider API
   FileVer:    10.0.14393.0
   ProdVer:    10.0.14393.0

Module 30
C:\Windows\System32\rasadhlp.dll
Image Base: 0x6f9c0000  Image Size: 0x00008000
File Size:  13312       File Time:  2016-07-16_144302
Version:
   Company:    Microsoft Corporation
   Product:    Microsoft® Windows® Operating System
   FileDesc:   Remote Access AutoDial Helper
   FileVer:    10.0.14393.0
   ProdVer:    10.0.14393.0

Module 31
C:\Windows\SYSTEM32\dbghelp.dll
Image Base: 0x6fab0000  Image Size: 0x00145000
File Size:  1220608     File Time:  2016-07-16_144258
Version:
   Company:    Microsoft
   Product:    Microsoft® Windows® Operating System
   FileDesc:   Windows Image Helper
   FileVer:    10.0.14321.1024
   ProdVer:    10.0.14321.1024

Module 32
C:\Windows\System32\PROPSYS.dll
Image Base: 0x6fc90000  Image Size: 0x0014f000
File Size:  1375456     File Time:  2016-07-16_144256
Version:
   Company:    Microsoft Corporation
   Product:    Служба Windows® Search
   FileDesc:   Система страниц свойств (Майкрософт)
   FileVer:    7.0.14393.0
   ProdVer:    7.0.14393.0

Module 33
C:\Windows\System32\MMDevApi.dll
Image Base: 0x6fde0000  Image Size: 0x00058000
File Size:  352760      File Time:  2017-03-04_094734
Version:
   Company:    Microsoft Corporation
   Product:    Операционная система Microsoft® Windows®
   FileDesc:   MMDevice API
   FileVer:    10.0.14393.953
   ProdVer:    10.0.14393.953

Module 34
C:\Windows\System32\DEVOBJ.dll
Image Base: 0x70ce0000  Image Size: 0x00022000
File Size:  132232      File Time:  2016-07-16_144256
Version:
   Company:    Microsoft Corporation
   Product:    Microsoft® Windows® Operating System
   FileDesc:   Device Information Set DLL
   FileVer:    10.0.14393.0
   ProdVer:    10.0.14393.0

Module 35
C:\Windows\SYSTEM32\dhcpcsvc.DLL
Image Base: 0x71540000  Image Size: 0x00014000
File Size:  63488       File Time:  2016-07-16_144256
Version:
   Company:    Microsoft Corporation
   Product:    Операционная система Microsoft® Windows®
   FileDesc:   Служба DHCP-клиента
   FileVer:    10.0.14393.0
   ProdVer:    10.0.14393.0

Module 36
C:\Windows\SYSTEM32\dhcpcsvc6.DLL
Image Base: 0x71560000  Image Size: 0x00013000
File Size:  57344       File Time:  2016-07-16_144256
Version:
   Company:    Microsoft Corporation
   Product:    Операционная система Microsoft® Windows®
   FileDesc:   Клиент DHCPv6
   FileVer:    10.0.14393.0
   ProdVer:    10.0.14393.0

Module 37
C:\Windows\SYSTEM32\DNSAPI.dll
Image Base: 0x71580000  Image Size: 0x0007d000
File Size:  497416      File Time:  2017-03-04_100934
Version:
   Company:    Microsoft Corporation
   Product:    Операционная система Microsoft® Windows®
   FileDesc:   Динамическая библиотека API DNS-клиента
   FileVer:    10.0.14393.953
   ProdVer:    10.0.14393.953

Module 38
C:\Windows\SYSTEM32\ntmarta.dll
Image Base: 0x727d0000  Image Size: 0x00028000
File Size:  154432      File Time:  2016-07-16_144256
Version:
   Company:    Microsoft Corporation
   Product:    Операционная система Microsoft® Windows®
   FileDesc:   Поставщик Windows NT MARTA
   FileVer:    10.0.14393.0
   ProdVer:    10.0.14393.0

Module 39
C:\Windows\SYSTEM32\MSWSOCK.dll
Image Base: 0x73c40000  Image Size: 0x0004e000
File Size:  306016      File Time:  2016-07-16_144256
Version:
   Company:    Microsoft Corporation
   Product:    Операционная система Microsoft® Windows®
   FileDesc:   Расширение поставщика службы API Microsoft Windows Sockets 2.0
   FileVer:    10.0.14393.0
   ProdVer:    10.0.14393.0

Module 40
C:\Windows\SYSTEM32\WINHTTP.dll
Image Base: 0x73c90000  Image Size: 0x000a0000
File Size:  636928      File Time:  2017-03-04_091630
Version:
   Company:    Microsoft Corporation
   Product:    Операционная система Microsoft® Windows®
   FileDesc:   Службы HTTP Windows
   FileVer:    10.0.14393.953
   ProdVer:    10.0.14393.953

Module 41
C:\Windows\SYSTEM32\IPHLPAPI.DLL
Image Base: 0x73d30000  Image Size: 0x0002f000
File Size:  184416      File Time:  2017-03-04_100254
Version:
   Company:    Microsoft Corporation
   Product:    Операционная система Microsoft® Windows®
   FileDesc:   API вспомогательного приложения IP
   FileVer:    10.0.14393.953
   ProdVer:    10.0.14393.953

Module 42
C:\Windows\SYSTEM32\WINMMBASE.dll
Image Base: 0x73d60000  Image Size: 0x00023000
File Size:  131208      File Time:  2016-07-16_144250
Version:
   Company:    Microsoft Corporation
   Product:    Microsoft® Windows® Operating System
   FileDesc:   Base Multimedia Extension API DLL
   FileVer:    10.0.14393.0
   ProdVer:    10.0.14393.0

Module 43
C:\Windows\SYSTEM32\WINMM.dll
Image Base: 0x73dc0000  Image Size: 0x00024000
File Size:  135376      File Time:  2016-07-16_144250
Version:
   Company:    Microsoft Corporation
   Product:    Операционная система Microsoft® Windows®
   FileDesc:   MCI API DLL
   FileVer:    10.0.14393.0
   ProdVer:    10.0.14393.0

Module 44
C:\Windows\SYSTEM32\VERSION.dll
Image Base: 0x744f0000  Image Size: 0x00008000
File Size:  27360       File Time:  2016-07-16_144306
Version:
   Company:    Microsoft Corporation
   Product:    Microsoft® Windows® Operating System
   FileDesc:   Version Checking and File Installation Libraries
   FileVer:    10.0.14393.0
   ProdVer:    10.0.14393.0

Module 45
C:\Windows\System32\CRYPTBASE.dll
Image Base: 0x745e0000  Image Size: 0x0000a000
File Size:  31528       File Time:  2016-07-16_144250
Version:
   Company:    Microsoft Corporation
   Product:    Microsoft® Windows® Operating System
   FileDesc:   Base cryptographic API DLL
   FileVer:    10.0.14393.0
   ProdVer:    10.0.14393.0

Module 46
C:\Windows\System32\SspiCli.dll
Image Base: 0x745f0000  Image Size: 0x0001e000
File Size:  117240      File Time:  2016-12-09_125110
Version:
   Company:    Microsoft Corporation
   Product:    Microsoft® Windows® Operating System
   FileDesc:   Security Support Provider Interface
   FileVer:    10.0.14393.576
   ProdVer:    10.0.14393.576

Module 47
C:\Windows\System32\NSI.dll
Image Base: 0x74610000  Image Size: 0x00007000
File Size:  20152       File Time:  2016-07-16_144228
Version:
   Company:    Microsoft Corporation
   Product:    Microsoft® Windows® Operating System
   FileDesc:   NSI User-mode interface DLL
   FileVer:    10.0.14393.0
   ProdVer:    10.0.14393.0

Module 48
C:\Windows\System32\MSCTF.dll
Image Base: 0x74620000  Image Size: 0x00135000
File Size:  1260784     File Time:  2017-03-04_094230
Version:
   Company:    Microsoft Corporation
   Product:    Операционная система Microsoft® Windows®
   FileDesc:   Серверная библиотека MSCTF
   FileVer:    10.0.14393.953
   ProdVer:    10.0.14393.953

Module 49
C:\Windows\System32\win32u.dll
Image Base: 0x747b0000  Image Size: 0x00015000
File Size:  79536       File Time:  2016-08-02_074722
Version:
   Company:    Microsoft Corporation
   Product:    Microsoft® Windows® Operating System
   FileDesc:   Win32u
   FileVer:    10.0.14393.51
   ProdVer:    10.0.14393.51

Module 50
C:\Windows\System32\SHLWAPI.dll
Image Base: 0x74830000  Image Size: 0x00046000
File Size:  284056      File Time:  2016-07-16_144304
Version:
   Company:    Microsoft Corporation
   Product:    Операционная система Microsoft® Windows®
   FileDesc:   Библиотека небольших программ оболочки
   FileVer:    10.0.14393.0
   ProdVer:    10.0.14393.0

Module 51
C:\Windows\System32\bcryptPrimitives.dll
Image Base: 0x74880000  Image Size: 0x0005a000
File Size:  367208      File Time:  2016-07-16_144228
Version:
   Company:    Microsoft Corporation
   Product:    Microsoft® Windows® Operating System
   FileDesc:   Windows Cryptographic Primitives Library
   FileVer:    10.0.14393.0
   ProdVer:    10.0.14393.0

Module 52
C:\Windows\System32\clbcatq.dll
Image Base: 0x748e0000  Image Size: 0x00084000
File Size:  528360      File Time:  2016-07-16_144248
Version:
   Company:    Microsoft Corporation
   Product:    Microsoft® Windows® Operating System
   FileDesc:   COM+ Configuration Catalog
   FileVer:    2001.12.10941.16384
   ProdVer:    10.0.14393.0

Module 53
C:\Windows\System32\ucrtbase.dll
Image Base: 0x74970000  Image Size: 0x000e0000
File Size:  918304      File Time:  2016-07-16_144256
Version:
   Company:    Microsoft Corporation
   Product:    Microsoft® Windows® Operating System
   FileDesc:   Microsoft® C Runtime Library
   FileVer:    10.0.14393.0
   ProdVer:    10.0.14393.0

Module 54
C:\Windows\System32\cfgmgr32.dll
Image Base: 0x74a50000  Image Size: 0x00036000
File Size:  213848      File Time:  2016-07-16_144256
Version:
   Company:    Microsoft Corporation
   Product:    Microsoft® Windows® Operating System
   FileDesc:   Configuration Manager DLL
   FileVer:    10.0.14393.0
   ProdVer:    10.0.14393.0

Module 55
C:\Windows\System32\PSAPI.DLL
Image Base: 0x74a90000  Image Size: 0x00006000
File Size:  17048       File Time:  2016-07-16_144246
Version:
   Company:    Microsoft Corporation
   Product:    Microsoft® Windows® Operating System
   FileDesc:   Process Status Helper
   FileVer:    10.0.14393.0
   ProdVer:    10.0.14393.0

Module 56
C:\Windows\System32\shcore.dll
Image Base: 0x74ba0000  Image Size: 0x00088000
File Size:  549088      File Time:  2017-03-04_095300
Version:
   Company:    Microsoft Corporation
   Product:    Операционная система Microsoft® Windows®
   FileDesc:   SHCORE
   FileVer:    10.0.14393.953
   ProdVer:    10.0.14393.953

Module 57
C:\Windows\System32\RPCRT4.dll
Image Base: 0x74c30000  Image Size: 0x000c1000
File Size:  790760      File Time:  2016-08-06_071746
Version:
   Company:    Microsoft Corporation
   Product:    Операционная система Microsoft® Windows®
   FileDesc:   Библиотека удаленного вызова процедур
   FileVer:    10.0.14393.82
   ProdVer:    10.0.14393.82

Module 58
C:\Windows\System32\OLEAUT32.dll
Image Base: 0x74d00000  Image Size: 0x00094000
File Size:  601712      File Time:  2017-03-28_091928
Version:
   Company:    Microsoft Corporation
   Product:    Microsoft® Windows® Operating System
   FileDesc:   OLEAUT32.DLL
   FileVer:    10.0.14393.1066
   ProdVer:    10.0.14393.1066

Module 59
C:\Windows\System32\msvcrt.dll
Image Base: 0x74da0000  Image Size: 0x000be000
File Size:  773168      File Time:  2016-07-16_144250
Version:
   Company:    Microsoft Corporation
   Product:    Microsoft® Windows® Operating System
   FileDesc:   Windows NT CRT DLL
   FileVer:    7.0.14393.0
   ProdVer:    10.0.14393.0

Module 60
C:\Windows\System32\msvcp_win.dll
Image Base: 0x74ef0000  Image Size: 0x0007b000
File Size:  498408      File Time:  2016-07-16_144256
Version:
   Company:    Microsoft Corporation
   Product:    Microsoft® Windows® Operating System
   FileDesc:   Microsoft® C Runtime Library
   FileVer:    10.0.14393.0
   ProdVer:    10.0.14393.0

Module 61
C:\Windows\System32\gdi32full.dll
Image Base: 0x74f70000  Image Size: 0x0015b000
File Size:  1414728     File Time:  2017-03-28_085356
Version:
   Company:    Microsoft Corporation
   Product:    Microsoft® Windows® Operating System
   FileDesc:   GDI Client DLL
   FileVer:    10.0.14393.1066
   ProdVer:    10.0.14393.1066

Module 62
C:\Windows\System32\KERNEL32.DLL
Image Base: 0x750d0000  Image Size: 0x000e0000
File Size:  616048      File Time:  2016-07-16_144246
Version:
   Company:    Microsoft Corporation
   Product:    Операционная система Microsoft® Windows®
   FileDesc:   Библиотека клиента Windows NT BASE API
   FileVer:    10.0.14393.0
   ProdVer:    10.0.14393.0

Module 63
C:\Windows\System32\powrprof.dll
Image Base: 0x751b0000  Image Size: 0x00045000
File Size:  275832      File Time:  2016-07-16_144256
Version:
   Company:    Microsoft Corporation
   Product:    Операционная система Microsoft® Windows®
   FileDesc:   DLL модуля поддержки профиля управления питанием
   FileVer:    10.0.14393.0
   ProdVer:    10.0.14393.0

Module 64
C:\Windows\System32\kernel.appcore.dll
Image Base: 0x75200000  Image Size: 0x0000d000
File Size:  43416       File Time:  2016-07-16_144256
Version:
   Company:    Microsoft Corporation
   Product:    Microsoft® Windows® Operating System
   FileDesc:   AppModel API Host
   FileVer:    10.0.14393.0
   ProdVer:    10.0.14393.0

Module 65
C:\Windows\System32\combase.dll
Image Base: 0x75210000  Image Size: 0x00211000
File Size:  2166752     File Time:  2016-12-09_125926
Version:
   Company:    Microsoft Corporation
   Product:    Операционная система Microsoft® Windows®
   FileDesc:   Microsoft COM для Windows
   FileVer:    10.0.14393.576
   ProdVer:    10.0.14393.576

Module 66
C:\Windows\System32\SHELL32.dll
Image Base: 0x75430000  Image Size: 0x013d8000
File Size:  20967840    File Time:  2017-03-28_085852
Version:
   Company:    Microsoft Corporation
   Product:    Операционная система Microsoft® Windows®
   FileDesc:   Общая библиотека оболочки Windows
   FileVer:    10.0.14393.1066
   ProdVer:    10.0.14393.1066

Module 67
C:\Windows\System32\IMM32.dll
Image Base: 0x76810000  Image Size: 0x00025000
File Size:  144632      File Time:  2016-07-16_144250
Version:
   Company:    Microsoft Corporation
   Product:    Microsoft® Windows® Operating System
   FileDesc:   Multi-User Windows IMM32 API Client DLL
   FileVer:    10.0.14393.0
   ProdVer:    10.0.14393.0

Module 68
C:\Windows\System32\GDI32.dll
Image Base: 0x76840000  Image Size: 0x0002b000
File Size:  170960      File Time:  2016-09-15_202320
Version:
   Company:    Microsoft Corporation
   Product:    Microsoft® Windows® Operating System
   FileDesc:   GDI Client DLL
   FileVer:    10.0.14393.206
   ProdVer:    10.0.14393.206

Module 69
C:\Windows\System32\ole32.dll
Image Base: 0x76870000  Image Size: 0x000eb000
File Size:  961192      File Time:  2017-03-28_085828
Version:
   Company:    Microsoft Corporation
   Product:    Операционная система Microsoft® Windows®
   FileDesc:   Microsoft OLE для Windows
   FileVer:    10.0.14393.1066
   ProdVer:    10.0.14393.1066

Module 70
C:\Windows\System32\SETUPAPI.dll
Image Base: 0x76960000  Image Size: 0x0040b000
File Size:  4268368     File Time:  2016-07-16_144246
Version:
   Company:    Microsoft Corporation
   Product:    Операционная система Microsoft® Windows®
   FileDesc:   Windows Setup API
   FileVer:    10.0.14393.0
   ProdVer:    10.0.14393.0

Module 71
C:\Windows\System32\USER32.dll
Image Base: 0x76d70000  Image Size: 0x0015f000
File Size:  1435896     File Time:  2016-12-09_125222
Version:
   Company:    Microsoft Corporation
   Product:    Операционная система Microsoft® Windows®
   FileDesc:   Многопользовательская библиотека клиента USER API Windows
   FileVer:    10.0.14393.576
   ProdVer:    10.0.14393.576

Module 72
C:\Windows\System32\KERNELBASE.dll
Image Base: 0x76ed0000  Image Size: 0x001a1000
File Size:  1705976     File Time:  2017-03-28_091808
Version:
   Company:    Microsoft Corporation
   Product:    Операционная система Microsoft® Windows®
   FileDesc:   Библиотека клиента Windows NT BASE API
   FileVer:    10.0.14393.1066
   ProdVer:    10.0.14393.1066

Module 73
C:\Windows\System32\sechost.dll
Image Base: 0x771f0000  Image Size: 0x00041000
File Size:  255168      File Time:  2016-07-16_144250
Version:
   Company:    Microsoft Corporation
   Product:    Microsoft® Windows® Operating System
   FileDesc:   Host for SCM/SDDL/LSA Lookup APIs
   FileVer:    10.0.14393.0
   ProdVer:    10.0.14393.0

Module 74
C:\Windows\System32\windows.storage.dll
Image Base: 0x77240000  Image Size: 0x0056e000
File Size:  5721808     File Time:  2017-03-28_090440
Version:
   Company:    Microsoft Corporation
   Product:    Операционная система Microsoft® Windows®
   FileDesc:   API хранения Microsoft WinRT
   FileVer:    10.0.14393.1066
   ProdVer:    10.0.14393.1066

Module 75
C:\Windows\System32\ADVAPI32.dll
Image Base: 0x777b0000  Image Size: 0x00077000
File Size:  482392      File Time:  2016-07-16_144250
Version:
   Company:    Microsoft Corporation
   Product:    Операционная система Microsoft® Windows®
   FileDesc:   Расширенная библиотека API Windows 32
   FileVer:    10.0.14393.0
   ProdVer:    10.0.14393.0

Module 76
C:\Windows\System32\WS2_32.dll
Image Base: 0x77a10000  Image Size: 0x00063000
File Size:  402352      File Time:  2016-09-15_203706
Version:
   Company:    Microsoft Corporation
   Product:    Операционная система Microsoft® Windows®
   FileDesc:   32-разрядная библиотека Windows Socket 2.0
   FileVer:    10.0.14393.206
   ProdVer:    10.0.14393.206

Module 77
C:\Windows\System32\profapi.dll
Image Base: 0x77a80000  Image Size: 0x0000f000
File Size:  54752       File Time:  2016-07-16_144250
Version:
   Company:    Microsoft Corporation
   Product:    Microsoft® Windows® Operating System
   FileDesc:   User Profile Basic API
   FileVer:    10.0.14393.0
   ProdVer:    10.0.14393.0

Module 78
C:\Windows\SYSTEM32\ntdll.dll
Image Base: 0x77b30000  Image Size: 0x00183000
File Size:  1572768     File Time:  2016-11-11_110000
Version:
   Company:    Microsoft Corporation
   Product:    Операционная система Microsoft® Windows®
   FileDesc:   Системная библиотека NT
   FileVer:    10.0.14393.479
   ProdVer:    10.0.14393.479


== [end of error.log] ==
