Unity Player [version: Unity 5.4.0p4_b15b5ae035b7]

game2.exe caused an Access Violation (0xc0000005)
  in module game2.exe at 0023:0096a1b6.

Error occurred at 2017-04-23_132950.
C:\Users\1\Desktop\PDF\Snakes_1millicircle\game2.exe, run by 1.
67% memory in use.
4002 MB physical memory [1305 MB free].
0 MB paging file [946 MB free].
0 MB user address space [3695 MB free].
Read from location 000005d4 caused an access violation.

Context:
EDI:    0x00000000  ESI: 0x045cdff0  EAX:   0x018fdc10
EBX:    0x00000000  ECX: 0x00000000  EDX:   0x00000002
EIP:    0x0096a1b6  EBP: 0x018fdbfc  SegCs: 0x00000023
EFlags: 0x00210287  ESP: 0x018fdbf8  SegSs: 0x0000002b

Bytes at CS:EIP:
83 bf d4 05 00 00 00 75 07 32 c0 5f 5d c2 04 00 

Stack:
0x018fdbf8: 011a1f95 018fdc2c 009529a9 018fdc10 ....,....)......
0x018fdc08: 00000003 045cdff0 666e6f63 01006769 ......\.config..
0x018fdc18: 76d3d920 34e64ad8 00000006 0000000f  ..v.J.4........
0x018fdc28: 0060e234 018fdc34 00951d37 018fdc4c 4.`.4...7...L...
0x018fdc38: 00951e26 00000002 00953b7d 00000000 &.......};......
0x018fdc48: 013285f0 018fdc68 00953bcf 00000003 ..2.h....;......
0x018fdc58: 77164b73 77164b73 00000000 00000000 sK.wsK.w........
0x018fdc68: 018fdc9c 00950db5 045cdff0 00000003 ..........\.....
0x018fdc78: 77164b73 77164b73 00000000 00000000 sK.wsK.w........
0x018fdc88: 011a1e75 045cdf98 00000000 013285f0 u.....\.......2.
0x018fdc98: 00000000 018fdd04 00951984 00000003 ................
0x018fdca8: 77164b73 77164b73 00000000 00000000 sK.wsK.w........
0x018fdcb8: 013288f4 00000000 013288f4 0387d200 ..2.......2.....
0x018fdcc8: 00000001 f6d3efc6 03f69fc0 00000000 ................
0x018fdcd8: 0000000f 00f95ff7 0386c910 03fa1590 ....._..........
0x018fdce8: 018fdd0c 007c8883 00000021 0000002f ......|.!.../...
0x018fdcf8: 00000000 9a5c3a8b 0000015b 018fdd10 .....:\.[.......
0x018fdd08: 009519a7 00000003 018fdd2c 0038f161 ........,...a.8.
0x018fdd18: 045cdf98 00000000 00000000 03f69fc0 ..\.............
0x018fdd28: 00000000 018fdd4c 00579ccf 00000000 ....L.....W.....
0x018fdd38: 00000006 00000000 fffffffe 018fdd7c ............|...
0x018fdd48: 00000086 018fdd7c 006111d4 00000000 ....|.....a.....
0x018fdd58: 00000001 00000000 00200001 00610fd0 .......... ...a.
0x018fdd68: 00000000 0000001c 00000001 000018d4 ................
0x018fdd78: 00000000 018fdda8 74a6d2b3 0006079c ...........t....
0x018fdd88: 00000006 00200001 00000000 00200001 ...... ....... .
0x018fdd98: dcbaabcd 00610fd0 00000000 00200001 ......a....... .
0x018fdda8: 018fde90 74a4e88a 00610fd0 0006079c .......t..a.....
0x018fddb8: 00000006 00200001 00000000 b0666a8e ...... ......jf.
0x018fddc8: 00000000 00000000 00000006 00000080 ................
0x018fddd8: 00000040 00000000 74e2fdfa 0f89e9a0 @..........t....
0x018fdde8: 0f89e9a4 00000000 00000000 00000024 ............$...
0x018fddf8: 00000001 00000000 00000000 00000070 ............p...
0x018fde08: ffffffff ffffffff 00000024 00000001 ........$.......
0x018fde18: 00000000 00000000 00000030 ffffffff ........0.......
0x018fde28: ffffffff 74a4e71c 00000000 00000000 .......t........
0x018fde38: 00000000 00000000 00000000 00000000 ................
0x018fde48: 00610fd0 00000000 021709f8 00000000 ..a.............
0x018fde58: 80000011 00000000 00000000 80000011 ................
0x018fde68: 00000000 00000001 0006079c b0666a8e .............jf.
0x018fde78: 74a4e4c0 018fd5a8 018fdee0 74a715b0 ...t...........t
0x018fde88: c547fb9e 00000000 018fdef0 74a4e4c0 ..G............t
0x018fde98: 00610fd0 00000000 00000006 00200001 ..a........... .
0x018fdea8: 00000000 0164d000 00000001 b0666aee ......d......jf.
0x018fdeb8: 018fe054 77ea24b0 00000000 018fdf28 T....$.w....(...
0x018fdec8: 74a715b0 00000000 0006079c 00000000 ...t............
0x018fded8: 018fdeb4 018fd5a8 018fdf40 74a715b0 ........@......t
0x018fdee8: c547fb7e fffffffe 018fdf30 74a58b09 ~.G.....0......t
0x018fdef8: 02381c80 00000000 00000006 00200001 ..8........... .
0x018fdf08: 00000000 00610fd0 00000400 00000001 ......a.........
0x018fdf18: 00000000 00000000 018fdf34 00000000 ........4.......
0x018fdf28: 00000000 b0666b2e 018fdf9c 77e908c6 .....kf........w
0x018fdf38: 018fdf4c 00000020 018fe01c 77e90810 L... ..........w
0x018fdf48: 018fdf70 02381c80 00000000 00000006 p.....8.........
0x018fdf58: 00200001 00000000 00610fd0 77ea24b0 .. .......a..$.w
0x018fdf68: 00000000 77cf249c 74a56ad7 018fe054 .....$.w.j.tT...
0x018fdf78: 000307ac 00000400 00007fff 00000003 ................
0x018fdf88: 018fe2f8 0164d000 018fe2f8 0f017260 ......d.....`r..
0x018fdf98: 00000000 018fdfd4 74a56a6d 00000400 ........mj.t....
0x018fdfa8: 00007fff 00000003 00000000 018fe2f8 ................
0x018fdfb8: 018fe054 018fe2f8 0702de60 0f0171a8 T.......`....q..
0x018fdfc8: 00000000 0164d000 00000000 018fe02c ......d.....,...
0x018fdfd8: 74eaaae6 018fe054 000307ac 00000400 ...tT...........
0x018fdfe8: 00007fff 00000003 594a02f3 018fe2f8 ..........JY....
0x018fdff8: 00000000 00000002 77f2e4e8 018fe020 ...........w ...
0x018fe008: 77e5b405 018fe2f8 00000000 018fdff0 ...w............
0x018fe018: 00000000 018fe910 74f10330 2c38e5bf ........0..t..8,
0x018fe028: 00000000 018fe070 74eaad8f 018fe054 ....p......tT...
0x018fe038: 000307ac 00000400 00007fff 00000003 ................
0x018fe048: 0f29035e 018fe2f8 76d3d920 34e64a78 ^.)..... ..vxJ.4
0x018fe058: 77cf24ac 74a585f6 00005dff 74a58600 .$.w...t.].....t
0x018fe068: b0665472 00000440 018fe094 74eab2a5 rTf.@..........t
0x018fe078: 0df2e558 0e00bfa8 018fe2f8 0e00bfa8 X...............
0x018fe088: 0f29035e ffffffff 594a024b 018fe154 ^.).....K.JYT...
0x018fe098: 74e97301 018fe0e0 00000002 018fe0d8 .s.t............
0x018fe0a8: 0df2e558 0190cba0 0f81bea0 00001dfc X...............
0x018fe0b8: 000007ff 0df2e558 00000002 0defbbd4 ....X...........
0x018fe0c8: 00000000 018fe424 00000000 0e00bfa8 ....$...........
0x018fe0d8: ffffffff 018fe2f8 00000748 00000754 ........H...T...
0x018fe0e8: 0dfdd0f0 00000000 00000000 00000000 ................
0x018fe0f8: 00000000 018fe100 00000000 00000000 ................
0x018fe108: 00000000 00000000 01900000 00000000 ................
0x018fe118: 0e0ddc90 74eefbe7 594a03fb 018fe130 .......t..JY0...
0x018fe128: 74f0f9a3 0e0ddc90 018fe148 74e8ae31 ...t....H...1..t
0x018fe138: 0e0ddc90 00000136 00000000 000000c0 ....6...........
0x018fe148: 46000000 594a026b 00000001 018fe268 ...Fk.JY....h...
0x018fe158: 74ea8306 0defbbd4 74ea8160 018fe424 ...t....`..t$...
0x018fe168: 0df2e558 74e883ee 018fe3fc 00000000 X......t........
0x018fe178: 018fe424 00000000 018fe424 0f800490 $.......$.......
0x018fe188: 00000000 00000000 0f29035e 00000000 ........^.).....
0x018fe198: 00000000 ffffffff ffffffff 00000000 ................
0x018fe1a8: 00000000 00000000 00000000 00000000 ................
0x018fe1b8: 00000000 01905ff8 00000136 00000000 ....._..6.......
0x018fe1c8: 000000c0 46000000 594a0333 e7da6605 .......F3.JY.f..
0x018fe1d8: 00000272 e7da6605 8c71b56c 018fe218 r....f..l.q.....
0x018fe1e8: 77e77269 74e355e8 0000001e 01550b54 ir.w.U.t....T.U.
0x018fe1f8: 0000001e 00000001 01540000 018fe254 ..........T.T...
0x018fe208: 00000000 74e355e8 015432bc 01540000 .....U.t.2T...T.
0x018fe218: 018fe234 77e77166 0000001e 018fe26f 4...fq.w....o...
0x018fe228: 74e0c5f8 01540000 00000040 018fe25c ...t..T.@...\...
0x018fe238: 77e59376 00000000 018fe26f 018fe254 v..w....o...T...
0x018fe248: 00005dff 0190cba0 0df2e558 00140014 .]......X.......
0x018fe258: 01549388 018fe270 74f10d5d 594a03b3 ..T.p...]..t..JY
0x018fe268: 018fe3d8 74ea7bef 018fe424 018fe3fc .....{.t$.......
0x018fe278: 0df2e558 018fe510 018fe424 3f90b3ef X.......$......?
0x018fe288: 00000000 018fe424 018fe3fc 00000000 ....$...........
0x018fe298: 0190cba0 00000000 000000c0 46000000 ...............F
0x018fe2a8: 574f454d 00000004 000001a2 00000000 MEOW............
0x018fe2b8: 000000c0 46000000 00000338 00000000 .......F8.......
0x018fe2c8: 000000c0 46000000 00000000 00001298 .......F........
0x018fe2d8: 00000010 74e302d0 74e85c90 74e85dfc .......t.\.t.].t
0x018fe2e8: 594a0033 018fe31c 74e867fe 74e302d0 3.JY.....g.t...t
0x018fe2f8: 74e04704 00000001 00000000 00000000 .G.t............
0x018fe308: 00000000 00000000 80010115 018fe368 ............h...
0x018fe318: 00000000 00000000 00000000 77e68480 ...............w
0x018fe328: 00000000 00000000 00005dff 2b6c222c .........]..,"l+
0x018fe338: 4aec7253 31697f96 6fc909b9 00000000 Sr.J..i1...o....
0x018fe348: 00000000 00000000 0f29035e 00000000 ........^.).....
0x018fe358: 00000000 00000000 00000000 0e0de5c0 ................
0x018fe368: 00000000 00000000 00000000 00000000 ................
0x018fe378: 00000000 018fe388 74f0f9a3 0f800490 ...........t....
0x018fe388: 018fe3d8 74ef472d 0f800490 0000001c ....-G.t........
0x018fe398: 018fe510 74ef4590 74ef471f 000012c8 .....E.t.G.t....
0x018fe3a8: 00000000 0f89d0bc 0f89d0b8 000012f0 ................
0x018fe3b8: 00000000 018fe3c4 018fee54 000001a2 ........T.......
0x018fe3c8: 00000000 000000c0 46000000 594a005b ...........F[.JY
0x018fe3d8: 018fe404 74e23045 018fe424 018fe3fc ....E0.t$.......
0x018fe3e8: 018fee54 018fe650 74e22f70 0df2e558 T...P...p/.tX...
0x018fe3f8: 018fe424 00000000 594a06db 018fe920 $.........JY ...
0x018fe408: 77a95a9a 0f7bb924 018fe510 2c8035bf .Z.w$.{......5.,
0x018fe418: 00000000 018fe958 018fee6c 0df2e558 ....X...l...X...
0x018fe428: 00000010 00000000 000012d8 00008004 ................
0x018fe438: 00000000 0df37870 c2009250 018fe6b0 ....px..P.......
0x018fe448: 74fd7d08 00000000 018fee54 74e4f832 .}.t....T...2..t
0x018fe458: 00000000 0164f000 00000000 00000000 ......d.........
0x018fe468: 018fe6a4 000001ff 00000014 00000001 ................
0x018fe478: 018fe6a4 00000013 01900000 74fd7d08 .............}.t
0x018fe488: 00000000 018fe510 018fe510 000007ff ................
0x018fe498: 74e4f832 019000c0 01906108 00000000 2..t.....a......
0x018fe4a8: 0164f000 00000000 00001008 018fe510 ..d.............
0x018fe4b8: 00000000 018fe510 018fee54 00000000 ........T.......
0x018fe4c8: 0190b858 01900000 0000000c 0f8d5d68 X...........h]..
0x018fe4d8: 00000000 74e0b0b8 00000000 0f89a048 .......t....H...
0x018fe4e8: 00000004 00000000 0190b858 0dfdd028 ........X...(...
0x018fe4f8: 0e03d404 0000077f 00000004 018fee54 ............T...
0x018fe508: 00000000 00000001 018fe424 0f89e388 ........$.......
0x018fe518: 00000000 00000000 00000000 00001300 ................
0x018fe528: 00000000 00000000 00000001 00000000 ................
0x018fe538: 00000000 00000000 00000000 00000000 ................
0x018fe548: 0001000c 00000000 00000000 00000000 ................
0x018fe558: 74f10910 74f10900 018fe958 00000000 ...t...tX.......
0x018fe568: 00000000 00000000 74e0bfd0 00000000 ...........t....
0x018fe578: 00000000 00000000 00000140 00000000 ........@.......
0x018fe588: 00000000 00000000 00000000 0f89a200 ................
0x018fe598: 00000000 00000000 00000000 00000000 ................
0x018fe5a8: 00000000 00000003 018fd3d0 00000000 ................
0x018fe5b8: 00000000 00000000 00000000 00000000 ................
0x018fe5c8: 00000000 00000000 00000000 018fe650 ............P...
0x018fe5d8: 00000000 00000000 00000000 00000000 ................
0x018fe5e8: 00000000 77ab2d4c 0e03ac24 0e03aba0 ....L-.w$.......
0x018fe5f8: 0190b894 00000060 00000001 00000000 ....`...........
0x018fe608: 74e4dd9a 0f8006e8 77ab2bad 018fee54 ...t.....+.wT...
0x018fe618: 00000000 00000000 00000000 74e348cc .............H.t
0x018fe628: 00000000 018fe650 00000000 00000000 ....P...........
0x018fe638: 0f7bb924 0e03d7d0 74e348cc 018fe510 $.{......H.t....
0x018fe648: 00000004 74e4f832 8a885d04 0000006c ....2..t.]..l...
0x018fe658: 74e348be 74e348b4 00000004 74e348cc .H.t.H.t.....H.t
0x018fe668: 018fe958 00000c33 00000000 74e348be X...3........H.t
0x018fe678: 74e4dd9a 00000022 00000000 00000000 ...t"...........
0x018fe688: 00000000 00000001 00000014 00000000 ................
0x018fe698: 00000000 00000000 00000000 77aab520 ............ ..w
0x018fe6a8: 00000000 00000000 00000000 00000000 ................
0x018fe6b8: 77acf2b0 77acf3a0 00000000 00000000 ...w...w........
0x018fe6c8: 00000000 00000000 00000000 00000000 ................
0x018fe6d8: 00000000 00000000 00000000 018fe6f8 ................
0x018fe6e8: 018fe6e8 018fe6e8 000001f8 00000000 ................
0x018fe6f8: 00000011 00000001 0e03ac24 0e03aba0 ........$.......
0x018fe708: 00000000 018fe72c 77abbc32 0e03ac24 ....,...2..w$...
0x018fe718: 0e03aba0 0000000a 00000000 00000000 ................
0x018fe728: 00000000 018fe7bc 77ab1418 74e313a8 ...........w...t
0x018fe738: 00000006 0000000a 00000000 00000000 ................
0x018fe748: 00000000 00000000 00000003 00000000 ................
0x018fe758: 00000001 00000001 00000000 00000000 ................
0x018fe768: 00000000 00000000 00000001 00000000 ................
0x018fe778: 00000000 00000000 77ab1431 018ff7f4 ........1..w....
0x018fe788: 00000000 77e67447 d9a0ddea 00000fe8 ....Gt.w........
0x018fe798: 01900000 00000fe0 c2009250 00000000 ........P.......
0x018fe7a8: 02000002 00000000 c2009250 00000006 ........P.......
0x018fe7b8: 2c803b23 018fe890 02000002 0e03aba0 #;.,............
0x018fe7c8: c2009250 00000000 74ebb691 ffff6fad P..........t.o..
0x018fe7d8: 019053e2 74ebb239 c2009250 0194de10 .S..9..tP.......
0x018fe7e8: 74ebb24c 0defbb14 c2009250 0f89a200 L..t....P.......
0x018fe7f8: 0f7b8a60 0f89b058 594a0aaf 00000000 `.{.X.....JY....
0x018fe808: 00000000 000001fb 74e313a8 00000006 ...........t....
0x018fe818: 0000000a 00000013 01900000 00000001 ................
0x018fe828: 00000001 00000000 00000000 000007ff ................
0x018fe838: 000007ff 019000c0 01906108 00000000 .........a......
0x018fe848: 00000000 00000004 00000fe8 018fe884 ................
0x018fe858: 00000000 00000000 0000077f 00000000 ................
0x018fe868: 01000100 00000001 00005c04 0f8d5d68 .........\..h]..
0x018fe878: 00000001 00000000 00000000 0f89b050 ............P...
0x018fe888: 0f89b050 00180002 0f89b058 0f89b058 P.......X...X...
0x018fe898: fffffffe 0000077f 00efbb94 c2009250 ............P...
0x018fe8a8: ffffc7b7 0f8d5d60 00000000 0000bb10 ....`]..........
0x018fe8b8: c2009250 0f8d5d68 0000077f 01905ff8 P...h]......._..
0x018fe8c8: 594a0a13 00000001 018ff7f4 77e967b0 ..JY.........g.w
0x018fe8d8: afdeb7d2 fffffffe 018fe920 77e65c95 ........ ....\.w
0x018fe8e8: 00000fe0 00000fe8 01906700 00000000 .........g......
0x018fe8f8: 74e2fa48 018fec80 018fe924 2c8035bf H..t....$....5.,
0x018fe908: 018fe414 00000000 018ff7f4 77ad4aa0 .............J.w
0x018fe918: 5abc7cbf 00000001 018fe940 74e23a80 .|.Z....@....:.t
0x018fe928: 74e0bfd0 74e348b4 018fe958 74e0eff4 ...t.H.tX......t
0x018fe938: 018fee54 00000014 018fe950 74f12abf T.......P....*.t
0x018fe948: 018fe958 00000004 018fe9c0 74e7fe79 X...........y..t
0x018fe958: 0f7bb924 00000000 018fee54 018fe9b4 $.{.....T.......
0x018fe968: 018fee54 74e03400 00000000 00000014 T....4.t........
0x018fe978: 00000000 00000000 018fee5c 018ff190 ........\.......
0x018fe988: 018ff344 018ff360 00000000 00000000 D...`...........
0x018fe998: 00002e98 0f800238 5217da50 0000014b ....8...P..RK...
0x018fe9a8: 0f89b058 000007f0 00000000 00000000 X...............
0x018fe9b8: 00000000 594a0bab 018fec20 74e82ed6 ......JY ......t
0x018fe9c8: 018fee54 018ff4f0 00000000 00000000 T...............
0x018fe9d8: 00000000 00000000 00000000 00000000 ................
0x018fe9e8: 00000000 00000000 00000000 00000000 ................
0x018fe9f8: 00000000 00000000 00000000 00000000 ................
0x018fea08: 00000000 00000000 00000000 00000000 ................
0x018fea18: 00000000 00000000 00000000 00000000 ................
0x018fea28: 00000000 00000000 00000000 00000000 ................
0x018fea38: 00000000 00000000 00000000 00000000 ................
0x018fea48: 00000000 00000000 00000000 00000000 ................
0x018fea58: 00000000 00000000 00000000 00000000 ................
0x018fea68: 00000000 00000000 00000000 00000000 ................
0x018fea78: 00000000 00000000 00000000 00000000 ................
0x018fea88: 00000000 00000000 00000000 00000000 ................
0x018fea98: 00000000 00000000 00000000 00000000 ................
0x018feaa8: 00000000 00000000 00000000 00000000 ................
0x018feab8: 00000000 00000000 00000000 00000000 ................
0x018feac8: 00000000 00000000 00000000 00000000 ................
0x018fead8: 00000000 00000000 00000000 00000000 ................
0x018feae8: 00000000 00000000 00000000 00000000 ................
0x018feaf8: 00000000 00000000 00000000 00000000 ................
0x018feb08: 00000000 00000000 00000000 00000000 ................
0x018feb18: 00000000 00000000 00000000 00000000 ................
0x018feb28: 00000000 00000000 00000000 00000000 ................
0x018feb38: 00000000 00000000 00000000 00000000 ................
0x018feb48: 00000000 00000000 00000000 00000000 ................
0x018feb58: 00000000 00000000 00000000 00000000 ................
0x018feb68: 00000000 00000000 00000000 00000000 ................
0x018feb78: 00000000 00000000 00000000 00000000 ................
0x018feb88: 00000000 00000000 00000000 00000000 ................
0x018feb98: 00000000 00000000 00000000 00000000 ................
0x018feba8: 00000000 00000000 00000000 00000000 ................
0x018febb8: 00000000 00000000 00000000 00000000 ................
0x018febc8: 00000000 00000000 00000000 00000000 ................
0x018febd8: 00000000 00000000 00000000 00000000 ................
0x018febe8: 00000000 00000000 00000000 74e82e11 ...............t
0x018febf8: 018fee54 74e82d80 00000000 00000000 T....-.t........
0x018fec08: 00000000 018fec80 00000000 00000000 ................
0x018fec18: 74e83050 594a0eff 018fec6c 74e86de2 P0.t..JYl....m.t
0x018fec28: 74fd7258 00000000 018fee54 018ff4f0 Xr.t....T.......
0x018fec38: 00000000 00000014 00000001 018fec6c ............l...
0x018fec48: 74e85f50 018ff1ec 018ff4f0 018fee64 P_.t........d...
0x018fec58: 00000014 00000000 74e85f6a 594a0eb3 ........j_.t..JY
0x018fec68: 594a0eb3 018ff5c8 74ec77a0 018fee54 ..JY.....w.tT...
0x018fec78: 00000000 018ff4f0 74e0339c 74e033e0 .........3.t.3.t
0x018fec88: 74e033f0 00000003 00000338 00000000 .3.t....8.......
0x018fec98: 000000c0 46000000 00000000 00000000 .......F........
0x018feca8: 00000001 00001290 000000c0 00000000 ................
0x018fecb8: 00000000 00000006 00000000 00000000 ................
0x018fecc8: 00000000 00000000 018fed58 018fee18 ........X.......
0x018fecd8: 00000000 00000000 00000000 00000000 ................
0x018fece8: 00000000 00000000 00000000 00000000 ................
0x018fecf8: 00000000 00000000 00000000 00000000 ................
0x018fed08: 00000000 00000000 00001298 00000000 ................
0x018fed18: 00000001 00000000 018fee70 018ff364 ........p...d...
0x018fed28: 018ff1f0 018ff2d4 018ff1c4 018ff194 ................
0x018fed38: 018ff348 00000000 00000000 00000000 H...............
0x018fed48: 00000000 00000000 00000000 00000006 ................
0x018fed58: 000001b9 00000000 000000c0 46000000 ...............F
0x018fed68: 000001ab 00000000 000000c0 46000000 ...............F
0x018fed78: 000001a5 00000000 000000c0 46000000 ...............F
0x018fed88: 000001a4 00000000 000000c0 46000000 ...............F
0x018fed98: 000001a6 00000000 000000c0 46000000 ...............F
0x018feda8: 000001aa 00000000 000000c0 46000000 ...............F
0x018fedb8: 74ec07ec 00000000 00000000 74fd8a61 ...t........a..t
0x018fedc8: 74fd8a60 74fd61a0 00000004 00000000 `..t.a.t........
0x018fedd8: 00000000 00000000 00000000 00000000 ................
0x018fede8: 00000000 00000000 00000000 00000000 ................
0x018fedf8: 00000000 00000000 00000000 00000000 ................
0x018fee08: 00000000 00000000 00000000 00000000 ................
0x018fee18: 00000068 00000058 00000090 00000020 h...X....... ...
0x018fee28: 00000020 00001040 00000000 00000000  ...@...........
0x018fee38: 00000000 00000000 00000000 00000000 ................
0x018fee48: 000000c0 00000000 00000000 74e03400 .............4.t
0x018fee58: 74e03448 74e03460 00000002 00000000 H4.t`4.t........
0x018fee68: 00000000 00000014 00000001 00000000 ................
0x018fee78: 00000000 00000000 00000000 0e011568 ............h...
0x018fee88: 00000000 018ff1ec 00000000 018ff2d0 ................
0x018fee98: 018ff1c0 00000000 018ff360 00000000 ........`.......
0x018feea8: 00000000 00000000 74e03480 74e034c0 .........4.t.4.t
0x018feeb8: 74e034d0 00000001 00000339 00000000 .4.t....9.......
0x018feec8: 000000c0 46000000 00000000 00000000 .......F........
0x018feed8: 00000001 00000000 00000000 00000000 ................
0x018feee8: 00000004 00000000 00000000 00000000 ................
0x018feef8: 00000000 00000000 00000000 00000000 ................
0x018fef08: 00000000 00000000 00000000 00000000 ................
0x018fef18: 00000000 00000000 00000000 00000000 ................
0x018fef28: 00000000 00000000 00000000 00000000 ................
0x018fef38: 00000000 00000000 00000000 00000000 ................
0x018fef48: 00000000 00000001 015207d0 00000000 ..........R.....
0x018fef58: 00000000 00000000 00000000 00000000 ................
0x018fef68: 00000000 00000000 00000000 00000000 ................
0x018fef78: 00000000 00000000 00000000 00000000 ................
0x018fef88: 015201d0 00000014 01520bd8 00380036 ..R.......R.6.8.
0x018fef98: 018fefd0 77e65c0c 00000024 00000000 .....\.w$.......
0x018fefa8: 06fbf748 77e65b00 00000014 00000030 H....[.w....0...
0x018fefb8: 00000000 00000000 00000006 00000002 ................
0x018fefc8: 00000000 0e06e4e0 018fefe4 77e65b32 ............2[.w
0x018fefd8: 00000000 00000000 0e06e4e0 06fbf748 ............H...
0x018fefe8: 74f1ce70 018ff024 74ec048b 06fbf748 p..t$......tH...
0x018feff8: 00000014 018ff048 74ec049a 74ef4d30 ....H......t0M.t
0x018ff008: 77091100 74e80048 00000014 0000000e ...wH..t........
0x018ff018: 00000000 8bc3f05e 594a12fb 018ff080 ....^.....JY....
0x018ff028: 74ec0707 018ff048 00000014 018ff190 ...tH...........
0x018ff038: 0e011568 018ff12c 6b637453 00000014 h...,...Stck....
0x018ff048: 8bc3f05e 11d0d86b c00075a0 2088b64f ^...k....u..O.. 
0x018ff058: 00000000 fffffffe 74ec0d6d 74ec0696 ........m..t...t
0x018ff068: 018ff5b4 00000000 74ec072e 06fbf748 ...........tH...
0x018ff078: 8bc3f05e 00000000 018ff424 74e034e0 ^.......$....4.t
0x018ff088: 74e03508 00000000 74e03518 00000000 .5.t.....5.t....
0x018ff098: 00000000 00000000 00000000 00000000 ................
0x018ff0a8: 00000000 00000000 00000000 2088b64f ............O.. 
0x018ff0b8: 00000000 fffffffe 74ec0d6d 74ec154c ........m..tL..t
0x018ff0c8: 74ec3d10 00000014 74ec1bd4 018ff170 .=.t.......tp...
0x018ff0d8: 018ff130 00000040 77e61efc 00000000 0...@......w....
0x018ff0e8: 00000000 018ff22c 77e61e40 00000000 ....,...@..w....
0x018ff0f8: 00000000 00000000 00000000 00000000 ................
0x018ff108: 015a1738 000007a0 00000000 00000018 8.Z.............
0x018ff118: 00000003 00000000 00000002 00000000 ................
0x018ff128: 00000002 00000000 74fd8608 00000000 ...........t....
0x018ff138: 00000000 00000000 00000000 018f0000 ................
0x018ff148: 77e60000 00000003 00000000 018ff50c ...w............
0x018ff158: 00000000 00000000 00000000 00000000 ................
0x018ff168: 74e0353c 74e03564 00000000 00000000 <5.td5.t........
0x018ff178: 00000000 00000000 00000000 018ff0a8 ................
0x018ff188: 00000000 74e03588 74e035e4 74e035f8 .....5.t.5.t.5.t
0x018ff198: 018fec84 00000000 00000001 00000000 ................
0x018ff1a8: 00000000 00000000 00000000 00000000 ................
0x018ff1b8: 00000000 00000000 74e0361c 74e03650 .........6.tP6.t
0x018ff1c8: 018fec84 00000000 00000001 00000000 ................
0x018ff1d8: 00000000 00000000 00000000 00000000 ................
0x018ff1e8: 00000000 74e03674 74e03684 018fec84 ....t6.t.6.t....
0x018ff1f8: 00000000 00000001 8bc3f05e 11d0d86b ........^...k...
0x018ff208: c00075a0 2088b64f 00000014 00000000 .u..O.. ........
0x018ff218: 00000000 00000001 00000000 018ff230 ............0...
0x018ff228: 00000058 00070005 f309ad18 11d0d86a X...........j...
0x018ff238: c00075a0 2088b64f 00000000 00000000 .u..O.. ........
0x018ff248: d9a0c776 00000000 77bb0000 00000001 v..........w....
0x018ff258: 74e0000c 77bb0100 00000000 018ff248 ...t...w....H...
0x018ff268: 00000000 018ff5d0 77e967b0 afdeb462 .........g.wb...
0x018ff278: fffffffe 018ff2c0 77e5eb45 00000001 ........E..w....
0x018ff288: 77bb0000 00000000 00000000 018ff2b4 ...w............
0x018ff298: 0190a380 00000000 00000000 0190cd18 ................
0x018ff2a8: 77e6041a 018ff2f8 77bb0000 77bb0100 ...w.......w...w
0x018ff2b8: 00000000 00002963 018ff354 77ea1e39 ....c)..T...9..w
0x018ff2c8: 00000009 018ff3b0 74e036a8 74e036d8 .........6.t.6.t
0x018ff2d8: 018fec84 00000000 00000001 74e036fc .............6.t
0x018ff2e8: 00000000 00000000 00000000 00000000 ................
0x018ff2f8: 0f108958 00000000 00000000 00000000 X...............
0x018ff308: 00000000 00000000 019226e8 00000000 .........&......
0x018ff318: 00000000 74e0370c 74e03740 00000000 .....7.t@7.t....
0x018ff328: 00000000 00000000 00000000 00000000 ................
0x018ff338: 00000000 00000000 00000000 74e03764 ............d7.t
0x018ff348: 74e0378c 018fec84 00000000 00000001 .7.t............
0x018ff358: 018fe998 00000000 74e037b0 74e0381c .........7.t.8.t
0x018ff368: 018fec84 00000000 00000001 77e5f07a ............z..w
0x018ff378: 00000010 00000000 00000000 00000000 ................
0x018ff388: 00000002 00000000 00000000 00000000 ................
0x018ff398: 00000000 00000000 00000014 00000002 ................
0x018ff3a8: 00000000 00000000 00000000 00000000 ................
0x018ff3b8: 00000000 00000000 00000000 00000000 ................
0x018ff3c8: 00000000 00000000 74e03840 74e0385c ........@8.t\8.t
0x018ff3d8: 00000000 00000000 00000000 00000000 ................
0x018ff3e8: 00000000 c00075a0 74e03880 74e03894 .....u...8.t.8.t
0x018ff3f8: 00000000 00000000 00000000 8bc3f05e ............^...
0x018ff408: 00000000 00000000 74e038b8 74e038d4 .........8.t.8.t
0x018ff418: 00000000 00000000 00000000 74ec504c ............LP.t
0x018ff428: 00000000 00000000 00000000 00000000 ................
0x018ff438: 00000000 74ec75ac 00000014 0190cba0 .....u.t........
0x018ff448: 00000000 0e86a600 0e81ee70 01f40000 ........p.......
0x018ff458: 77e6766b 04ecc4f8 6af86903 00000000 kv.w.....i.j....
0x018ff468: d9a0c0b2 000000b8 01f40000 000000b0 ................
0x018ff478: 00000000 77e67447 d9a0c0da 018ff5a4 ....Gt.w........
0x018ff488: 41e90f3e 463356c1 8b6ec381 70dd8bac >..A.V3F..n....p
0x018ff498: 74e307ac 00000008 00000000 00000014 ...t............
0x018ff4a8: 00000000 00000000 018ff514 00000000 ................
0x018ff4b8: 018ff788 00000001 00000020 00000000 ........ .......
0x018ff4c8: 00000000 00000000 00000001 018ff658 ............X...
0x018ff4d8: 00000000 00000000 00000000 00000000 ................
0x018ff4e8: 00000000 00000000 00000000 00000000 ................
0x018ff4f8: 00000000 00000000 80004005 80004002 .........@...@..
0x018ff508: 018ff6c8 00000000 00000000 00000000 ................
0x018ff518: 00e0378c 00000000 018fec80 74e85f00 .7..........._.t
0x018ff528: 00000000 00000000 00000000 00000000 ................
0x018ff538: 00000000 00000000 f309ad18 11d0d86a ............j...
0x018ff548: c00075a0 2088b64f 00000000 00000000 .u..O.. ........
0x018ff558: 00000000 00000000 00000001 00000000 ................
0x018ff568: 018ff530 018ff538 018ff540 00000000 0...8...@.......
0x018ff578: 00000000 00000000 00000000 00000000 ................
0x018ff588: 00000000 00000000 00000000 00000000 ................
0x018ff598: 00000000 00000000 00000000 8bc3f05e ............^...
0x018ff5a8: 11d0d86b c00075a0 2088b64f 8bc3f05e k....u..O.. ^...
0x018ff5b8: 11d0d86b c00075a0 2088b64f 594a1717 k....u..O.. ..JY
0x018ff5c8: 018ff67c 74ec6ba2 00000014 00000000 |....k.t........
0x018ff5d8: 00000001 00000000 018ff6c8 00000000 ................
0x018ff5e8: 00000000 00000000 00000000 00000000 ................
0x018ff5f8: 0190cba0 6bdd11e8 00000000 00000000 .......k........
0x018ff608: 00000000 018ff6c8 00000000 00000000 ................
0x018ff618: 00000000 00000000 00000000 0df723f0 .............#..
0x018ff628: 0ef58d98 6bdd32e8 01520000 01520000 .....2.k..R...R.
0x018ff638: 0ef58d70 0000001b 0ef58d94 0000007d p...........}...
0x018ff648: 01520d14 00000000 015201c0 00000020 ..R.......R. ...
0x018ff658: 01520d10 018ff6a0 018ff698 77e65c0c ..R..........\.w
0x018ff668: 00000004 00000000 00000002 594a172b ............+.JY
0x018ff678: 0e03d4b8 018ff6a0 74f0686f 00000014 ........oh.t....
0x018ff688: 00000000 00000001 018ff6c8 00000000 ................
0x018ff698: 0e03d4b8 0190cba0 018ff6d4 6bdd2069 ............i .k
0x018ff6a8: 6bdd11e8 00000000 00000014 00000000 ...k............
0x018ff6b8: 00000001 018ff6c8 00000000 00000000 ................
0x018ff6c8: 6bdd11f8 00000000 80004002 018ff800 ...k.....@......
0x018ff6d8: 6bdd23e3 018ff728 00000001 00000000 .#.k(...........
0x018ff6e8: b848f735 0e03d4b8 0e03d4b8 0f800354 5.H.........T...
0x018ff6f8: 00000000 00000000 00000000 00000000 ................
0x018ff708: 00000000 00000000 00000000 00000000 ................
0x018ff718: 00000000 00000000 dc12a687 11cf737f .............s..
0x018ff728: 00000000 0ef59358 018ff754 00000000 ....X...T.......
0x018ff738: 00000000 00000000 00000001 00000000 ................
0x018ff748: 018ff710 6bdd11d0 77e6041a 00000009 .......k...w....
0x018ff758: 00000000 0e0799e8 00000000 00000003 ................
0x018ff768: 00000000 00000000 77e604f2 018ff788 ...........w....
0x018ff778: 018ff908 00000000 77e604d4 4590f811 ...........w...E
0x018ff788: 00000000 01900000 00000002 0e0799e8 ................
0x018ff798: 00000000 00000000 6bdd11d0 0ef59358 ...........kX...
0x018ff7a8: 00000000 0e0799e8 00000000 00000001 ................
0x018ff7b8: 0e03d404 00000000 01520000 01520000 ..........R...R.
0x018ff7c8: 0ef59358 0e03d4b8 000100fc 00000000 X...............
0x018ff7d8: 00520834 00000000 015201c4 00000000 4.R.......R.....
0x018ff7e8: 01520830 77e492e9 b848f735 018ff874 0.R....w5.H.t...
0x018ff7f8: 6bdd3f42 00000005 018ff830 6bdd1ba9 B?.k....0......k
0x018ff808: 0f800354 00000000 00000000 00000000 T...............
0x018ff818: 00000000 00000000 00000000 018ff908 ................
0x018ff828: 6bdd3de0 0e03d4b8 018ff880 6bdd2a1f .=.k.........*.k
0x018ff838: 0f800354 00000000 00000000 00000000 T...............
0x018ff848: 00000000 00000000 00000000 018ff908 ................
0x018ff858: b848f7b5 018ff908 0ef59278 00000000 ..H.....x.......
0x018ff868: 0e03d4b8 00000000 b848f7b5 018fff00 ..........H.....
0x018ff878: 6bdd3f83 ffffffff 018ff8c0 00473bb2 .?.k.........;G.
0x018ff888: 0ef59278 0f800354 00000000 00000000 x...T...........
0x018ff898: 00000000 00000000 00000000 00000000 ................
0x018ff8a8: 018ff908 0000000f 00000000 00000010 ................
0x018ff8b8: 03842b00 0ef59278 018ff90c 00475baa .+..x........[G.
0x018ff8c8: 045cdff0 00000000 0386c970 0386c970 ..\.....p...p...
0x018ff8d8: 0136ef80 00000000 018ff8f4 00466b04 ..6..........kF.
0x018ff8e8: 0386c970 00000000 045cdff0 018ff904 p.........\.....
0x018ff8f8: 00466bc2 00000000 0000000f 018ffa00 .kF.............
0x018ff908: 00000000 018ffa00 00952895 00000010 .........(......
0x018ff918: 045cdff0 00000000 018ff938 004653f5 ..\.....8....SF.
0x018ff928: 0386d750 00000010 00000010 0136ef80 P.............6.
0x018ff938: 018ff970 342e3575 3470302e 00000000 p...u5.4.0p4....
0x018ff948: 0000002f 00000008 0000000f 00000030 /...........0...
0x018ff958: 0386c970 0000002f 018ffa4c 0000000f p.../...L.......
0x018ff968: 00000020 0000002f 018ff990 646e6957  .../.......Wind
0x018ff978: 5073776f 6579616c 00000072 0000000d owsPlayer.......
0x018ff988: 0000000f 0000004b 0386c970 0035f739 ....K...p...9.5.
0x018ff998: 00000030 00000010 00000020 0000002f 0....... .../...
0x018ff9a8: 010fdea8 0000004b 018ff9e4 0035fd96 ....K.........5.
0x018ff9b8: 00000030 00000000 00000024 045ce000 0.......$.....\.
0x018ff9c8: 342e3500 3470302e 045ce000 018ff9c0 .5.4.0p4..\.....
0x018ff9d8: 00000000 0000000f 018ffa00 0386c900 ................
0x018ff9e8: 0386d750 0386d780 00000024 00000000 P.......$.......
0x018ff9f8: 0000000f 00000000 018ffa08 00951d2a ............*...
0x018ffa08: 018ffa18 00952467 00000001 045cdff0 ....g$........\.
0x018ffa18: 018ffaa8 00953a68 018ffa4c 00000001 ....h:..L.......
0x018ffa28: 045cdff0 00000000 00000000 d9a0cdf6 ..\.............
0x018ffa38: 0136fc50 018ffa90 00000000 0000000f P.6.............
0x018ffa48: 77e8e6ac 0386d780 00000720 43b38528 ...w.... ...(..C
0x018ffa58: 00000002 00000024 0000002f 00000010 ....$.../.......
0x018ffa68: 018ffa00 00466b04 0386d780 43b38528 .....kF.....(..C
0x018ffa78: 00000000 0000000f 018fff00 0386de10 ................
0x018ffa88: 34e64ad8 fffffffe 018ffacc 00000024 .J.4........$...
0x018ffa98: 0000002f 011a1e75 045cdff0 018ffab8 /...u.....\.....
0x018ffaa8: 018ffab8 00953b55 00000000 013285f0 ....U;........2.
0x018ffab8: 018ffad4 00953bcf 00000001 d181c221 .....;......!...
0x018ffac8: 5181c221 00000000 00000000 018ffb08 !..Q............
0x018ffad8: 00950db5 045cdff0 00000001 d181c221 ......\.....!...
0x018ffae8: 5181c221 00000000 00000000 011a1e75 !..Q........u...
0x018ffaf8: 045cdf98 00000000 013285f0 00000000 ..\.......2.....
0x018ffb08: 018ffb70 00951984 00000001 d181c221 p...........!...
0x018ffb18: 5181c221 00000000 00000000 00000002 !..Q............
0x018ffb28: 00000003 013252d0 0387ee00 0387ee10 .....R2.........
0x018ffb38: 038563b0 018ffbac 00000000 0000000f .c..............
0x018ffb48: 00000002 0386de10 018ffb40 018fff00 ........@.......
0x018ffb58: 00000000 00000021 0000002f 018ffb80 ....!.../.......
0x018ffb68: 9a5c3a83 00000000 018ffb7c 00951ada .:\.....|.......
0x018ffb78: 00000001 018ffba4 0059f8a0 045cdf98 ..........Y...\.
0x018ffb88: ffffffbc 03f9fc20 00000002 03f9fc20 .... ....... ...
0x018ffb98: 03853a01 03f9fb90 013252ac 018ffc0c .:.......R2.....
0x018ffba8: 005a05cf ffffffbc 03f9fc20 00000002 ..Z..... .......
0x018ffbb8: 03853ab0 03f9fb90 03853a01 0387ecb0 .:.......:......
0x018ffbc8: 0387ecb0 00000000 03f9fbe4 018ffbe8 ................
0x018ffbd8: 0387ecd0 00000000 0387ecb0 00000000 ................
0x018ffbe8: 018ffbf8 00466b60 0387ecb0 00000008 ....`kF.........

Module 1
C:\Users\1\Desktop\PDF\Snakes_1millicircle\game2.exe
Image Base: 0x00350000  Image Size: 0x011b8000
File Size:  17729024    File Time:  2016-08-27_015228
Version:
   Company:    
   Product:    
   FileDesc:   
   FileVer:    5.4.0.23386
   ProdVer:    5.4.0.23386

Module 2
C:\Windows\SYSTEM32\WINMMBASE.dll
Image Base: 0x015d0000  Image Size: 0x00023000
File Size:  131208      File Time:  2016-07-16_144250
Version:
   Company:    Microsoft Corporation
   Product:    Microsoft® Windows® Operating System
   FileDesc:   Base Multimedia Extension API DLL
   FileVer:    10.0.14393.0
   ProdVer:    10.0.14393.0

Module 3
C:\Windows\SYSTEM32\xinput1_3.dll
Image Base: 0x00400000  Image Size: 0x00016000
File Size:  81768       File Time:  2007-04-04_185342
Version:
   Company:    Microsoft Corporation
   Product:    Microsoft® DirectX for Windows®
   FileDesc:   Microsoft Common Controller API
   FileVer:    9.18.944.0
   ProdVer:    9.18.944.0

Module 4
C:\Users\1\Desktop\PDF\Snakes_1millicircle\game2_Data\Mono\mono.dll
Image Base: 0x10000000  Image Size: 0x00230000
File Size:  2113496     File Time:  2016-08-27_015748
Version:
   Company:    Unity Technologies
   Product:    libmono
   FileDesc:   Unity Technologies fork of mono runtime
   FileVer:    1.0.0.1
   ProdVer:    1.0.0.1

Module 5
C:\Windows\System32\DriverStore\FileRepository\nvltwu.inf_amd64_dc8ffafad3ea7ddd\nvwgf2um.dll
Image Base: 0x58f50000  Image Size: 0x013bb000
File Size:  20939056    File Time:  2017-01-17_055134
Version:
   Company:    NVIDIA Corporation
   Product:    NVIDIA D3D10 drivers
   FileDesc:   NVIDIA D3D10 Driver, Version 376.54 
   FileVer:    21.21.13.7654
   ProdVer:    21.21.13.7654

Module 6
C:\Windows\SYSTEM32\midimap.dll
Image Base: 0x5b360000  Image Size: 0x00008000
File Size:  18944       File Time:  2016-07-16_144250
Version:
   Company:    Microsoft Corporation
   Product:    Microsoft® Windows® Operating System
   FileDesc:   Microsoft MIDI Mapper
   FileVer:    10.0.14393.0
   ProdVer:    10.0.14393.0

Module 7
C:\Windows\SYSTEM32\msacm32.drv
Image Base: 0x5b370000  Image Size: 0x0000a000
File Size:  24576       File Time:  2016-07-16_144250
Version:
   Company:    Microsoft Corporation
   Product:    Îïåðàöèîííàÿ ñèñòåìà Microsoft® Windows®
   FileDesc:   Ïðîãðàììà ïåðåíàçíà÷åíèÿ çâóêîâûõ óñòðîéñòâ
   FileVer:    10.0.14393.0
   ProdVer:    10.0.14393.0

Module 8
C:\Windows\SYSTEM32\ksuser.dll
Image Base: 0x5b380000  Image Size: 0x00007000
File Size:  20672       File Time:  2016-07-16_144250
Version:
   Company:    Microsoft Corporation
   Product:    Microsoft® Windows® Operating System
   FileDesc:   User CSA Library
   FileVer:    10.0.14393.0
   ProdVer:    10.0.14393.0

Module 9
C:\Windows\SYSTEM32\wdmaud.drv
Image Base: 0x5b390000  Image Size: 0x00039000
File Size:  207360      File Time:  2016-07-16_144250
Version:
   Company:    Microsoft Corporation
   Product:    Îïåðàöèîííàÿ ñèñòåìà Microsoft® Windows®
   FileDesc:   Ñèñòåìíûé çâóêîâîé äðàéâåð Winmm
   FileVer:    10.0.14393.0
   ProdVer:    10.0.14393.0

Module 10
C:\Windows\SYSTEM32\DDRAW.dll
Image Base: 0x5b3d0000  Image Size: 0x000ed000
File Size:  548352      File Time:  2017-03-04_091812
Version:
   Company:    Microsoft Corporation
   Product:    Îïåðàöèîííàÿ ñèñòåìà Microsoft® Windows®
   FileDesc:   Microsoft DirectDraw
   FileVer:    10.0.14393.953
   ProdVer:    10.0.14393.953

Module 11
C:\Windows\SYSTEM32\GLU32.dll
Image Base: 0x5b4c0000  Image Size: 0x00025000
File Size:  141312      File Time:  2016-07-16_144306
Version:
   Company:    Microsoft Corporation
   Product:    Îïåðàöèîííàÿ ñèñòåìà Microsoft® Windows®
   FileDesc:   Áèáëèîòåêà ïîäïðîãðàìì OpenGL
   FileVer:    10.0.14393.0
   ProdVer:    10.0.14393.0

Module 12
C:\Windows\SYSTEM32\OPENGL32.dll
Image Base: 0x5b4f0000  Image Size: 0x000e0000
File Size:  786944      File Time:  2016-07-16_144306
Version:
   Company:    Microsoft Corporation
   Product:    Microsoft® Windows® Operating System
   FileDesc:   OpenGL Client DLL
   FileVer:    10.0.14393.0
   ProdVer:    10.0.14393.0

Module 13
C:\Windows\SYSTEM32\AVRT.dll
Image Base: 0x5cdb0000  Image Size: 0x00009000
File Size:  29448       File Time:  2016-07-16_144250
Version:
   Company:    Microsoft Corporation
   Product:    Microsoft® Windows® Operating System
   FileDesc:   Multimedia Realtime Runtime
   FileVer:    10.0.14393.0
   ProdVer:    10.0.14393.0

Module 14
C:\Windows\SYSTEM32\DCIMAN32.dll
Image Base: 0x5cdc0000  Image Size: 0x00007000
File Size:  11776       File Time:  2016-07-16_144250
Version:
   Company:    Microsoft Corporation
   Product:    Microsoft® Windows® Operating System
   FileDesc:   DCI Manager
   FileVer:    10.0.14393.0
   ProdVer:    10.0.14393.0

Module 15
C:\Windows\SYSTEM32\HID.DLL
Image Base: 0x5cdd0000  Image Size: 0x0000a000
File Size:  25600       File Time:  2016-07-16_144250
Version:
   Company:    Microsoft Corporation
   Product:    Îïåðàöèîííàÿ ñèñòåìà Microsoft® Windows®
   FileDesc:   Áèáëèîòåêà ïîëüçîâàòåëÿ HID
   FileVer:    10.0.14393.0
   ProdVer:    10.0.14393.0

Module 16
C:\Windows\WinSxS\x86_microsoft.windows.common-controls_6595b64144ccf1df_6.0.14393.953_none_89c2555adb023171\comctl32.dll
Image Base: 0x64fd0000  Image Size: 0x0020a000
File Size:  2121568     File Time:  2017-03-04_094648
Version:
   Company:    Microsoft Corporation
   Product:    Îïåðàöèîííàÿ ñèñòåìà Microsoft® Windows®
   FileDesc:   Áèáëèîòåêà ýëåìåíòîâ óïðàâëåíèÿ âçàèìîäåéñòâèÿ ñ ïîëüçîâàòåëåì
   FileVer:    6.10.14393.953
   ProdVer:    10.0.14393.953

Module 17
C:\Windows\SYSTEM32\dbghelp.dll
Image Base: 0x69ad0000  Image Size: 0x00145000
File Size:  1220608     File Time:  2016-07-16_144258
Version:
   Company:    Microsoft
   Product:    Microsoft® Windows® Operating System
   FileDesc:   Windows Image Helper
   FileVer:    10.0.14321.1024
   ProdVer:    10.0.14321.1024

Module 18
C:\Windows\SYSTEM32\MSACM32.dll
Image Base: 0x6a480000  Image Size: 0x00018000
File Size:  90912       File Time:  2016-07-16_144250
Version:
   Company:    Microsoft Corporation
   Product:    Îïåðàöèîííàÿ ñèñòåìà Microsoft® Windows®
   FileDesc:   Ôèëüòð äèñïåò÷åðà àóäèîñæàòèÿ Microsoft
   FileVer:    10.0.14393.0
   ProdVer:    10.0.14393.0

Module 19
C:\Windows\SYSTEM32\dxgi.dll
Image Base: 0x6a7a0000  Image Size: 0x00083000
File Size:  524776      File Time:  2017-03-04_095404
Version:
   Company:    Microsoft Corporation
   Product:    Microsoft® Windows® Operating System
   FileDesc:   DirectX Graphics Infrastructure
   FileVer:    10.0.14393.953
   ProdVer:    10.0.14393.953

Module 20
C:\Windows\SYSTEM32\d3d11.dll
Image Base: 0x6a830000  Image Size: 0x00230000
File Size:  2277288     File Time:  2017-03-04_095414
Version:
   Company:    Microsoft Corporation
   Product:    Microsoft® Windows® Operating System
   FileDesc:   Direct3D 11 Runtime
   FileVer:    10.0.14393.953
   ProdVer:    10.0.14393.953

Module 21
C:\Windows\system32\wbem\fastprox.dll
Image Base: 0x6aa60000  Image Size: 0x000c2000
File Size:  779776      File Time:  2016-07-16_144258
Version:
   Company:    Microsoft Corporation
   Product:    Microsoft® Windows® Operating System
   FileDesc:   WMI Custom Marshaller
   FileVer:    10.0.14393.0
   ProdVer:    10.0.14393.0

Module 22
C:\Windows\system32\wbem\wbemsvc.dll
Image Base: 0x6ab30000  Image Size: 0x00010000
File Size:  48640       File Time:  2016-07-16_144258
Version:
   Company:    Microsoft Corporation
   Product:    Microsoft® Windows® Operating System
   FileDesc:   WMI
   FileVer:    10.0.14393.0
   ProdVer:    10.0.14393.0

Module 23
C:\Windows\SYSTEM32\wbemcomn.dll
Image Base: 0x6ab40000  Image Size: 0x00067000
File Size:  391168      File Time:  2016-07-16_144258
Version:
   Company:    Microsoft Corporation
   Product:    Microsoft® Windows® Operating System
   FileDesc:   WMI
   FileVer:    10.0.14393.0
   ProdVer:    10.0.14393.0

Module 24
C:\Windows\SYSTEM32\AUDIOSES.DLL
Image Base: 0x6b4a0000  Image Size: 0x0007b000
File Size:  484584      File Time:  2017-03-28_101036
Version:
   Company:    Microsoft Corporation
   Product:    Îïåðàöèîííàÿ ñèñòåìà Microsoft® Windows®
   FileDesc:   Ñåàíñ îáðàáîòêè çâóêà
   FileVer:    10.0.14393.1066
   ProdVer:    10.0.14393.1066

Module 25
C:\Windows\SYSTEM32\wintypes.dll
Image Base: 0x6bd00000  Image Size: 0x000cf000
File Size:  846560      File Time:  2017-03-28_090202
Version:
   Company:    Microsoft Corporation
   Product:    Îïåðàöèîííàÿ ñèñòåìà Microsoft® Windows®
   FileDesc:   Áèáëèîòåêà DLL îñíîâíûõ òèïîâ Windows
   FileVer:    10.0.14393.1066
   ProdVer:    10.0.14393.1066

Module 26
C:\Windows\system32\wbem\wbemprox.dll
Image Base: 0x6bdd0000  Image Size: 0x0000d000
File Size:  35328       File Time:  2016-07-16_144258
Version:
   Company:    Microsoft Corporation
   Product:    Microsoft® Windows® Operating System
   FileDesc:   WMI
   FileVer:    10.0.14393.0
   ProdVer:    10.0.14393.0

Module 27
C:\Windows\System32\DEVOBJ.dll
Image Base: 0x719e0000  Image Size: 0x00022000
File Size:  132232      File Time:  2016-07-16_144256
Version:
   Company:    Microsoft Corporation
   Product:    Microsoft® Windows® Operating System
   FileDesc:   Device Information Set DLL
   FileVer:    10.0.14393.0
   ProdVer:    10.0.14393.0

Module 28
C:\Windows\System32\PROPSYS.dll
Image Base: 0x71a10000  Image Size: 0x0014f000
File Size:  1375456     File Time:  2016-07-16_144256
Version:
   Company:    Microsoft Corporation
   Product:    Ñëóæáà Windows® Search
   FileDesc:   Ñèñòåìà ñòðàíèö ñâîéñòâ (Ìàéêðîñîôò)
   FileVer:    7.0.14393.0
   ProdVer:    7.0.14393.0

Module 29
C:\Windows\System32\rasadhlp.dll
Image Base: 0x71b60000  Image Size: 0x00008000
File Size:  13312       File Time:  2016-07-16_144302
Version:
   Company:    Microsoft Corporation
   Product:    Microsoft® Windows® Operating System
   FileDesc:   Remote Access AutoDial Helper
   FileVer:    10.0.14393.0
   ProdVer:    10.0.14393.0

Module 30
C:\Windows\system32\dwmapi.dll
Image Base: 0x73080000  Image Size: 0x0001f000
File Size:  113504      File Time:  2016-09-15_201352
Version:
   Company:    Microsoft Corporation
   Product:    Îïåðàöèîííàÿ ñèñòåìà Microsoft® Windows®
   FileDesc:   Èíòåðôåéñ API äèñïåò÷åðà îêîí ðàáî÷åãî ñòîëà (Ìàéêðîñîôò)
   FileVer:    10.0.14393.206
   ProdVer:    10.0.14393.206

Module 31
C:\Windows\SYSTEM32\dhcpcsvc.DLL
Image Base: 0x730b0000  Image Size: 0x00014000
File Size:  63488       File Time:  2016-07-16_144256
Version:
   Company:    Microsoft Corporation
   Product:    Îïåðàöèîííàÿ ñèñòåìà Microsoft® Windows®
   FileDesc:   Ñëóæáà DHCP-êëèåíòà
   FileVer:    10.0.14393.0
   ProdVer:    10.0.14393.0

Module 32
C:\Windows\SYSTEM32\dhcpcsvc6.DLL
Image Base: 0x730d0000  Image Size: 0x00013000
File Size:  57344       File Time:  2016-07-16_144256
Version:
   Company:    Microsoft Corporation
   Product:    Îïåðàöèîííàÿ ñèñòåìà Microsoft® Windows®
   FileDesc:   Êëèåíò DHCPv6
   FileVer:    10.0.14393.0
   ProdVer:    10.0.14393.0

Module 33
C:\Windows\System32\MMDevApi.dll
Image Base: 0x730f0000  Image Size: 0x00058000
File Size:  352760      File Time:  2017-03-04_094734
Version:
   Company:    Microsoft Corporation
   Product:    Îïåðàöèîííàÿ ñèñòåìà Microsoft® Windows®
   FileDesc:   MMDevice API
   FileVer:    10.0.14393.953
   ProdVer:    10.0.14393.953

Module 34
C:\Windows\SYSTEM32\DNSAPI.dll
Image Base: 0x73160000  Image Size: 0x0007d000
File Size:  497416      File Time:  2017-03-04_100934
Version:
   Company:    Microsoft Corporation
   Product:    Îïåðàöèîííàÿ ñèñòåìà Microsoft® Windows®
   FileDesc:   Äèíàìè÷åñêàÿ áèáëèîòåêà API DNS-êëèåíòà
   FileVer:    10.0.14393.953
   ProdVer:    10.0.14393.953

Module 35
C:\Windows\system32\uxtheme.dll
Image Base: 0x731e0000  Image Size: 0x00075000
File Size:  457728      File Time:  2016-07-16_144306
Version:
   Company:    Microsoft Corporation
   Product:    Îïåðàöèîííàÿ ñèñòåìà Microsoft® Windows®
   FileDesc:   Áèáëèîòåêà òåì UxTheme (Microsoft)
   FileVer:    10.0.14393.0
   ProdVer:    10.0.14393.0

Module 36
C:\Windows\SYSTEM32\ntmarta.dll
Image Base: 0x73d00000  Image Size: 0x00028000
File Size:  154432      File Time:  2016-07-16_144256
Version:
   Company:    Microsoft Corporation
   Product:    Îïåðàöèîííàÿ ñèñòåìà Microsoft® Windows®
   FileDesc:   Ïîñòàâùèê Windows NT MARTA
   FileVer:    10.0.14393.0
   ProdVer:    10.0.14393.0

Module 37
C:\Windows\SYSTEM32\bcrypt.dll
Image Base: 0x73d30000  Image Size: 0x0001b000
File Size:  106896      File Time:  2016-12-09_130100
Version:
   Company:    Microsoft Corporation
   Product:    Îïåðàöèîííàÿ ñèñòåìà Microsoft® Windows®
   FileDesc:   Áèáëèîòåêà êðèïòîãðàôè÷åñêèõ ïðèìèòèâîâ Windows
   FileVer:    10.0.14393.576
   ProdVer:    10.0.14393.576

Module 38
C:\Windows\system32\rsaenh.dll
Image Base: 0x73d90000  Image Size: 0x0002f000
File Size:  184416      File Time:  2016-07-16_144256
Version:
   Company:    Microsoft Corporation
   Product:    Microsoft® Windows® Operating System
   FileDesc:   Microsoft Enhanced Cryptographic Provider
   FileVer:    10.0.14393.0
   ProdVer:    10.0.14393.0

Module 39
C:\Windows\SYSTEM32\CRYPTSP.dll
Image Base: 0x73dc0000  Image Size: 0x00013000
File Size:  68720       File Time:  2016-07-16_144256
Version:
   Company:    Microsoft Corporation
   Product:    Microsoft® Windows® Operating System
   FileDesc:   Cryptographic Service Provider API
   FileVer:    10.0.14393.0
   ProdVer:    10.0.14393.0

Module 40
C:\Windows\SYSTEM32\WINMM.dll
Image Base: 0x73e70000  Image Size: 0x00024000
File Size:  135376      File Time:  2016-07-16_144250
Version:
   Company:    Microsoft Corporation
   Product:    Îïåðàöèîííàÿ ñèñòåìà Microsoft® Windows®
   FileDesc:   MCI API DLL
   FileVer:    10.0.14393.0
   ProdVer:    10.0.14393.0

Module 41
C:\Windows\SYSTEM32\MSWSOCK.dll
Image Base: 0x73ed0000  Image Size: 0x0004e000
File Size:  306016      File Time:  2016-07-16_144256
Version:
   Company:    Microsoft Corporation
   Product:    Îïåðàöèîííàÿ ñèñòåìà Microsoft® Windows®
   FileDesc:   Ðàñøèðåíèå ïîñòàâùèêà ñëóæáû API Microsoft Windows Sockets 2.0
   FileVer:    10.0.14393.0
   ProdVer:    10.0.14393.0

Module 42
C:\Windows\SYSTEM32\WINHTTP.dll
Image Base: 0x73f20000  Image Size: 0x000a0000
File Size:  636928      File Time:  2017-03-04_091630
Version:
   Company:    Microsoft Corporation
   Product:    Îïåðàöèîííàÿ ñèñòåìà Microsoft® Windows®
   FileDesc:   Ñëóæáû HTTP Windows
   FileVer:    10.0.14393.953
   ProdVer:    10.0.14393.953

Module 43
C:\Windows\SYSTEM32\IPHLPAPI.DLL
Image Base: 0x73fc0000  Image Size: 0x0002f000
File Size:  184416      File Time:  2017-03-04_100254
Version:
   Company:    Microsoft Corporation
   Product:    Îïåðàöèîííàÿ ñèñòåìà Microsoft® Windows®
   FileDesc:   API âñïîìîãàòåëüíîãî ïðèëîæåíèÿ IP
   FileVer:    10.0.14393.953
   ProdVer:    10.0.14393.953

Module 44
C:\Windows\SYSTEM32\VERSION.dll
Image Base: 0x747e0000  Image Size: 0x00008000
File Size:  27360       File Time:  2016-07-16_144306
Version:
   Company:    Microsoft Corporation
   Product:    Microsoft® Windows® Operating System
   FileDesc:   Version Checking and File Installation Libraries
   FileVer:    10.0.14393.0
   ProdVer:    10.0.14393.0

Module 45
C:\Windows\System32\CRYPTBASE.dll
Image Base: 0x748d0000  Image Size: 0x0000a000
File Size:  31528       File Time:  2016-07-16_144250
Version:
   Company:    Microsoft Corporation
   Product:    Microsoft® Windows® Operating System
   FileDesc:   Base cryptographic API DLL
   FileVer:    10.0.14393.0
   ProdVer:    10.0.14393.0

Module 46
C:\Windows\System32\SspiCli.dll
Image Base: 0x748e0000  Image Size: 0x0001e000
File Size:  117240      File Time:  2016-12-09_125110
Version:
   Company:    Microsoft Corporation
   Product:    Microsoft® Windows® Operating System
   FileDesc:   Security Support Provider Interface
   FileVer:    10.0.14393.576
   ProdVer:    10.0.14393.576

Module 47
C:\Windows\System32\MSCTF.dll
Image Base: 0x74900000  Image Size: 0x00135000
File Size:  1260784     File Time:  2017-03-04_094230
Version:
   Company:    Microsoft Corporation
   Product:    Îïåðàöèîííàÿ ñèñòåìà Microsoft® Windows®
   FileDesc:   Ñåðâåðíàÿ áèáëèîòåêà MSCTF
   FileVer:    10.0.14393.953
   ProdVer:    10.0.14393.953

Module 48
C:\Windows\System32\USER32.dll
Image Base: 0x74a40000  Image Size: 0x0015f000
File Size:  1435896     File Time:  2016-12-09_125222
Version:
   Company:    Microsoft Corporation
   Product:    Îïåðàöèîííàÿ ñèñòåìà Microsoft® Windows®
   FileDesc:   Ìíîãîïîëüçîâàòåëüñêàÿ áèáëèîòåêà êëèåíòà USER API Windows
   FileVer:    10.0.14393.576
   ProdVer:    10.0.14393.576

Module 49
C:\Windows\System32\KERNEL32.DLL
Image Base: 0x74ba0000  Image Size: 0x000e0000
File Size:  616048      File Time:  2016-07-16_144246
Version:
   Company:    Microsoft Corporation
   Product:    Îïåðàöèîííàÿ ñèñòåìà Microsoft® Windows®
   FileDesc:   Áèáëèîòåêà êëèåíòà Windows NT BASE API
   FileVer:    10.0.14393.0
   ProdVer:    10.0.14393.0

Module 50
C:\Windows\System32\WS2_32.dll
Image Base: 0x74d90000  Image Size: 0x00063000
File Size:  402352      File Time:  2016-09-15_203706
Version:
   Company:    Microsoft Corporation
   Product:    Îïåðàöèîííàÿ ñèñòåìà Microsoft® Windows®
   FileDesc:   32-ðàçðÿäíàÿ áèáëèîòåêà Windows Socket 2.0
   FileVer:    10.0.14393.206
   ProdVer:    10.0.14393.206

Module 51
C:\Windows\System32\combase.dll
Image Base: 0x74e00000  Image Size: 0x00211000
File Size:  2166752     File Time:  2016-12-09_125926
Version:
   Company:    Microsoft Corporation
   Product:    Îïåðàöèîííàÿ ñèñòåìà Microsoft® Windows®
   FileDesc:   Microsoft COM äëÿ Windows
   FileVer:    10.0.14393.576
   ProdVer:    10.0.14393.576

Module 52
C:\Windows\System32\kernel.appcore.dll
Image Base: 0x75020000  Image Size: 0x0000d000
File Size:  43416       File Time:  2016-07-16_144256
Version:
   Company:    Microsoft Corporation
   Product:    Microsoft® Windows® Operating System
   FileDesc:   AppModel API Host
   FileVer:    10.0.14393.0
   ProdVer:    10.0.14393.0

Module 53
C:\Windows\System32\bcryptPrimitives.dll
Image Base: 0x75030000  Image Size: 0x0005a000
File Size:  367208      File Time:  2016-07-16_144228
Version:
   Company:    Microsoft Corporation
   Product:    Microsoft® Windows® Operating System
   FileDesc:   Windows Cryptographic Primitives Library
   FileVer:    10.0.14393.0
   ProdVer:    10.0.14393.0

Module 54
C:\Windows\System32\msvcrt.dll
Image Base: 0x75090000  Image Size: 0x000be000
File Size:  773168      File Time:  2016-07-16_144250
Version:
   Company:    Microsoft Corporation
   Product:    Microsoft® Windows® Operating System
   FileDesc:   Windows NT CRT DLL
   FileVer:    7.0.14393.0
   ProdVer:    10.0.14393.0

Module 55
C:\Windows\System32\SHLWAPI.dll
Image Base: 0x75250000  Image Size: 0x00046000
File Size:  284056      File Time:  2016-07-16_144304
Version:
   Company:    Microsoft Corporation
   Product:    Îïåðàöèîííàÿ ñèñòåìà Microsoft® Windows®
   FileDesc:   Áèáëèîòåêà íåáîëüøèõ ïðîãðàìì îáîëî÷êè
   FileVer:    10.0.14393.0
   ProdVer:    10.0.14393.0

Module 56
C:\Windows\System32\sechost.dll
Image Base: 0x75480000  Image Size: 0x00041000
File Size:  255168      File Time:  2016-07-16_144250
Version:
   Company:    Microsoft Corporation
   Product:    Microsoft® Windows® Operating System
   FileDesc:   Host for SCM/SDDL/LSA Lookup APIs
   FileVer:    10.0.14393.0
   ProdVer:    10.0.14393.0

Module 57
C:\Windows\System32\profapi.dll
Image Base: 0x754d0000  Image Size: 0x0000f000
File Size:  54752       File Time:  2016-07-16_144250
Version:
   Company:    Microsoft Corporation
   Product:    Microsoft® Windows® Operating System
   FileDesc:   User Profile Basic API
   FileVer:    10.0.14393.0
   ProdVer:    10.0.14393.0

Module 58
C:\Windows\System32\cfgmgr32.dll
Image Base: 0x75530000  Image Size: 0x00036000
File Size:  213848      File Time:  2016-07-16_144256
Version:
   Company:    Microsoft Corporation
   Product:    Microsoft® Windows® Operating System
   FileDesc:   Configuration Manager DLL
   FileVer:    10.0.14393.0
   ProdVer:    10.0.14393.0

Module 59
C:\Windows\System32\GDI32.dll
Image Base: 0x75570000  Image Size: 0x0002b000
File Size:  170960      File Time:  2016-09-15_202320
Version:
   Company:    Microsoft Corporation
   Product:    Microsoft® Windows® Operating System
   FileDesc:   GDI Client DLL
   FileVer:    10.0.14393.206
   ProdVer:    10.0.14393.206

Module 60
C:\Windows\System32\SHELL32.dll
Image Base: 0x755a0000  Image Size: 0x013d8000
File Size:  20967840    File Time:  2017-03-28_085852
Version:
   Company:    Microsoft Corporation
   Product:    Îïåðàöèîííàÿ ñèñòåìà Microsoft® Windows®
   FileDesc:   Îáùàÿ áèáëèîòåêà îáîëî÷êè Windows
   FileVer:    10.0.14393.1066
   ProdVer:    10.0.14393.1066

Module 61
C:\Windows\System32\NSI.dll
Image Base: 0x76980000  Image Size: 0x00007000
File Size:  20152       File Time:  2016-07-16_144228
Version:
   Company:    Microsoft Corporation
   Product:    Microsoft® Windows® Operating System
   FileDesc:   NSI User-mode interface DLL
   FileVer:    10.0.14393.0
   ProdVer:    10.0.14393.0

Module 62
C:\Windows\System32\ole32.dll
Image Base: 0x76990000  Image Size: 0x000eb000
File Size:  961192      File Time:  2017-03-28_085828
Version:
   Company:    Microsoft Corporation
   Product:    Îïåðàöèîííàÿ ñèñòåìà Microsoft® Windows®
   FileDesc:   Microsoft OLE äëÿ Windows
   FileVer:    10.0.14393.1066
   ProdVer:    10.0.14393.1066

Module 63
C:\Windows\System32\gdi32full.dll
Image Base: 0x76ae0000  Image Size: 0x0015b000
File Size:  1414728     File Time:  2017-03-28_085356
Version:
   Company:    Microsoft Corporation
   Product:    Microsoft® Windows® Operating System
   FileDesc:   GDI Client DLL
   FileVer:    10.0.14393.1066
   ProdVer:    10.0.14393.1066

Module 64
C:\Windows\System32\KERNELBASE.dll
Image Base: 0x76c40000  Image Size: 0x001a1000
File Size:  1705976     File Time:  2017-03-28_091808
Version:
   Company:    Microsoft Corporation
   Product:    Îïåðàöèîííàÿ ñèñòåìà Microsoft® Windows®
   FileDesc:   Áèáëèîòåêà êëèåíòà Windows NT BASE API
   FileVer:    10.0.14393.1066
   ProdVer:    10.0.14393.1066

Module 65
C:\Windows\System32\IMM32.dll
Image Base: 0x76f60000  Image Size: 0x00025000
File Size:  144632      File Time:  2016-07-16_144250
Version:
   Company:    Microsoft Corporation
   Product:    Microsoft® Windows® Operating System
   FileDesc:   Multi-User Windows IMM32 API Client DLL
   FileVer:    10.0.14393.0
   ProdVer:    10.0.14393.0

Module 66
C:\Windows\System32\ucrtbase.dll
Image Base: 0x76f90000  Image Size: 0x000e0000
File Size:  918304      File Time:  2016-07-16_144256
Version:
   Company:    Microsoft Corporation
   Product:    Microsoft® Windows® Operating System
   FileDesc:   Microsoft® C Runtime Library
   FileVer:    10.0.14393.0
   ProdVer:    10.0.14393.0

Module 67
C:\Windows\System32\clbcatq.dll
Image Base: 0x77070000  Image Size: 0x00084000
File Size:  528360      File Time:  2016-07-16_144248
Version:
   Company:    Microsoft Corporation
   Product:    Microsoft® Windows® Operating System
   FileDesc:   COM+ Configuration Catalog
   FileVer:    2001.12.10941.16384
   ProdVer:    10.0.14393.0

Module 68
C:\Windows\System32\windows.storage.dll
Image Base: 0x77100000  Image Size: 0x0056e000
File Size:  5721808     File Time:  2017-03-28_090440
Version:
   Company:    Microsoft Corporation
   Product:    Îïåðàöèîííàÿ ñèñòåìà Microsoft® Windows®
   FileDesc:   API õðàíåíèÿ Microsoft WinRT
   FileVer:    10.0.14393.1066
   ProdVer:    10.0.14393.1066

Module 69
C:\Windows\System32\SETUPAPI.dll
Image Base: 0x77680000  Image Size: 0x0040b000
File Size:  4268368     File Time:  2016-07-16_144246
Version:
   Company:    Microsoft Corporation
   Product:    Îïåðàöèîííàÿ ñèñòåìà Microsoft® Windows®
   FileDesc:   Windows Setup API
   FileVer:    10.0.14393.0
   ProdVer:    10.0.14393.0

Module 70
C:\Windows\System32\RPCRT4.dll
Image Base: 0x77a90000  Image Size: 0x000c1000
File Size:  790760      File Time:  2016-08-06_071746
Version:
   Company:    Microsoft Corporation
   Product:    Îïåðàöèîííàÿ ñèñòåìà Microsoft® Windows®
   FileDesc:   Áèáëèîòåêà óäàëåííîãî âûçîâà ïðîöåäóð
   FileVer:    10.0.14393.82
   ProdVer:    10.0.14393.82

Module 71
C:\Windows\System32\powrprof.dll
Image Base: 0x77b60000  Image Size: 0x00045000
File Size:  275832      File Time:  2016-07-16_144256
Version:
   Company:    Microsoft Corporation
   Product:    Îïåðàöèîííàÿ ñèñòåìà Microsoft® Windows®
   FileDesc:   DLL ìîäóëÿ ïîääåðæêè ïðîôèëÿ óïðàâëåíèÿ ïèòàíèåì
   FileVer:    10.0.14393.0
   ProdVer:    10.0.14393.0

Module 72
C:\Windows\System32\OLEAUT32.dll
Image Base: 0x77bb0000  Image Size: 0x00094000
File Size:  601712      File Time:  2017-03-28_091928
Version:
   Company:    Microsoft Corporation
   Product:    Microsoft® Windows® Operating System
   FileDesc:   OLEAUT32.DLL
   FileVer:    10.0.14393.1066
   ProdVer:    10.0.14393.1066

Module 73
C:\Windows\System32\shcore.dll
Image Base: 0x77c50000  Image Size: 0x00088000
File Size:  549088      File Time:  2017-03-04_095300
Version:
   Company:    Microsoft Corporation
   Product:    Îïåðàöèîííàÿ ñèñòåìà Microsoft® Windows®
   FileDesc:   SHCORE
   FileVer:    10.0.14393.953
   ProdVer:    10.0.14393.953

Module 74
C:\Windows\System32\PSAPI.DLL
Image Base: 0x77ce0000  Image Size: 0x00006000
File Size:  17048       File Time:  2016-07-16_144246
Version:
   Company:    Microsoft Corporation
   Product:    Microsoft® Windows® Operating System
   FileDesc:   Process Status Helper
   FileVer:    10.0.14393.0
   ProdVer:    10.0.14393.0

Module 75
C:\Windows\System32\win32u.dll
Image Base: 0x77cf0000  Image Size: 0x00015000
File Size:  79536       File Time:  2016-08-02_074722
Version:
   Company:    Microsoft Corporation
   Product:    Microsoft® Windows® Operating System
   FileDesc:   Win32u
   FileVer:    10.0.14393.51
   ProdVer:    10.0.14393.51

Module 76
C:\Windows\System32\msvcp_win.dll
Image Base: 0x77d10000  Image Size: 0x0007b000
File Size:  498408      File Time:  2016-07-16_144256
Version:
   Company:    Microsoft Corporation
   Product:    Microsoft® Windows® Operating System
   FileDesc:   Microsoft® C Runtime Library
   FileVer:    10.0.14393.0
   ProdVer:    10.0.14393.0

Module 77
C:\Windows\System32\ADVAPI32.dll
Image Base: 0x77da0000  Image Size: 0x00077000
File Size:  482392      File Time:  2016-07-16_144250
Version:
   Company:    Microsoft Corporation
   Product:    Îïåðàöèîííàÿ ñèñòåìà Microsoft® Windows®
   FileDesc:   Ðàñøèðåííàÿ áèáëèîòåêà API Windows 32
   FileVer:    10.0.14393.0
   ProdVer:    10.0.14393.0

Module 78
C:\Windows\SYSTEM32\ntdll.dll
Image Base: 0x77e20000  Image Size: 0x00183000
File Size:  1572768     File Time:  2016-11-11_110000
Version:
   Company:    Microsoft Corporation
   Product:    Îïåðàöèîííàÿ ñèñòåìà Microsoft® Windows®
   FileDesc:   Ñèñòåìíàÿ áèáëèîòåêà NT
   FileVer:    10.0.14393.479
   ProdVer:    10.0.14393.479


== [end of error.log] ==
